2025-04-25 05:34:47,800+0000 INFO  [quartz-8-thread-10]  *TASK org.sonatype.nexus.repository.content.tasks.CreateComponentIndexTask - Task information:
2025-04-25 05:34:47,806+0000 INFO  [quartz-8-thread-10]  *TASK org.sonatype.nexus.repository.content.tasks.CreateComponentIndexTask -  ID: 4903e815-77f5-4b81-96ba-8a4a45389dbf
2025-04-25 05:34:47,806+0000 INFO  [quartz-8-thread-10]  *TASK org.sonatype.nexus.repository.content.tasks.CreateComponentIndexTask -  Type: create.component.index.task
2025-04-25 05:34:47,806+0000 INFO  [quartz-8-thread-10]  *TASK org.sonatype.nexus.repository.content.tasks.CreateComponentIndexTask -  Name: Repair - Recreate component indexes for performance
2025-04-25 05:34:47,806+0000 INFO  [quartz-8-thread-10]  *TASK org.sonatype.nexus.repository.content.tasks.CreateComponentIndexTask -  Description: Create new indexes for querying the various format component tables by full coordinates
2025-04-25 05:34:47,806+0000 INFO  [quartz-8-thread-10]  *TASK org.sonatype.nexus.repository.content.tasks.CreateComponentIndexTask - Task configuration: {.updated=2025-04-25T05:34:47.757Z, .name=Repair - Recreate component indexes for performance, .recoverable=false, .message=Create new indexes for querying the various format component tables by full coordinates, .id=4903e815-77f5-4b81-96ba-8a4a45389dbf, .typeName=Repair - Recreate component indexes for performance, .visible=false, .typeId=create.component.index.task, .exposed=false, .created=2025-04-25T05:34:47.757Z}
2025-04-25 05:34:47,809+0000 INFO  [quartz-8-thread-10]  *TASK org.sonatype.nexus.repository.content.tasks.CreateComponentIndexService - Recreating component coordinate index for format: apt.  0% done
2025-04-25 05:34:47,812+0000 INFO  [quartz-8-thread-10]  *TASK org.sonatype.nexus.repository.content.tasks.CreateComponentIndexService - Recreating component coordinate index for format: maven2.  5% done
2025-04-25 05:34:47,813+0000 INFO  [quartz-8-thread-10]  *TASK org.sonatype.nexus.repository.content.tasks.CreateComponentIndexService - Recreating component coordinate index for format: raw.  10% done
2025-04-25 05:34:47,814+0000 INFO  [quartz-8-thread-10]  *TASK org.sonatype.nexus.repository.content.tasks.CreateComponentIndexService - Recreating component coordinate index for format: cargo.  15% done
2025-04-25 05:34:47,815+0000 INFO  [quartz-8-thread-10]  *TASK org.sonatype.nexus.repository.content.tasks.CreateComponentIndexService - Recreating component coordinate index for format: cocoapods.  20% done
2025-04-25 05:34:47,816+0000 INFO  [quartz-8-thread-10]  *TASK org.sonatype.nexus.repository.content.tasks.CreateComponentIndexService - Recreating component coordinate index for format: composer.  25% done
2025-04-25 05:34:47,817+0000 INFO  [quartz-8-thread-10]  *TASK org.sonatype.nexus.repository.content.tasks.CreateComponentIndexService - Recreating component coordinate index for format: conan.  30% done
2025-04-25 05:34:47,818+0000 INFO  [quartz-8-thread-10]  *TASK org.sonatype.nexus.repository.content.tasks.CreateComponentIndexService - Recreating component coordinate index for format: conda.  35% done
2025-04-25 05:34:47,822+0000 INFO  [quartz-8-thread-10]  *TASK org.sonatype.nexus.repository.content.tasks.CreateComponentIndexService - Recreating component coordinate index for format: docker.  40% done
2025-04-25 05:34:47,823+0000 INFO  [quartz-8-thread-10]  *TASK org.sonatype.nexus.repository.content.tasks.CreateComponentIndexService - Recreating component coordinate index for format: gitlfs.  45% done
2025-04-25 05:34:47,824+0000 INFO  [quartz-8-thread-10]  *TASK org.sonatype.nexus.repository.content.tasks.CreateComponentIndexService - Recreating component coordinate index for format: go.  50% done
2025-04-25 05:34:47,831+0000 INFO  [quartz-8-thread-10]  *TASK org.sonatype.nexus.repository.content.tasks.CreateComponentIndexService - Recreating component coordinate index for format: helm.  55% done
2025-04-25 05:34:47,832+0000 INFO  [quartz-8-thread-10]  *TASK org.sonatype.nexus.repository.content.tasks.CreateComponentIndexService - Recreating component coordinate index for format: huggingface.  60% done
2025-04-25 05:34:47,833+0000 INFO  [quartz-8-thread-10]  *TASK org.sonatype.nexus.repository.content.tasks.CreateComponentIndexService - Recreating component coordinate index for format: npm.  65% done
2025-04-25 05:34:47,894+0000 INFO  [quartz-8-thread-10]  *TASK org.sonatype.nexus.repository.content.tasks.CreateComponentIndexService - Recreating component coordinate index for format: nuget.  70% done
2025-04-25 05:34:47,895+0000 INFO  [quartz-8-thread-10]  *TASK org.sonatype.nexus.repository.content.tasks.CreateComponentIndexService - Recreating component coordinate index for format: p2.  75% done
2025-04-25 05:34:47,896+0000 INFO  [quartz-8-thread-10]  *TASK org.sonatype.nexus.repository.content.tasks.CreateComponentIndexService - Recreating component coordinate index for format: pypi.  80% done
2025-04-25 05:34:47,897+0000 INFO  [quartz-8-thread-10]  *TASK org.sonatype.nexus.repository.content.tasks.CreateComponentIndexService - Recreating component coordinate index for format: r.  85% done
2025-04-25 05:34:47,899+0000 INFO  [quartz-8-thread-10]  *TASK org.sonatype.nexus.repository.content.tasks.CreateComponentIndexService - Recreating component coordinate index for format: rubygems.  90% done
2025-04-25 05:34:47,900+0000 INFO  [quartz-8-thread-10]  *TASK org.sonatype.nexus.repository.content.tasks.CreateComponentIndexService - Recreating component coordinate index for format: yum.  95% done
2025-04-25 05:34:47,901+0000 INFO  [quartz-8-thread-10]  *TASK org.sonatype.nexus.repository.content.tasks.CreateComponentIndexService - Recreating component coordinate index for all formats.  100% done
2025-04-25 05:34:47,901+0000 INFO  [quartz-8-thread-10]  *TASK org.sonatype.nexus.repository.content.tasks.CreateComponentIndexTask - Task complete
