Jan 30, 2025 2:51:49 PM org.apache.karaf.main.Main launch
INFO: Installing and starting initial bundles
Jan 30, 2025 2:51:49 PM org.apache.karaf.main.Main launch
INFO: All initial bundles installed and set to start
Jan 30, 2025 2:51:50 PM org.apache.karaf.main.Main$KarafLockCallback lockAcquired
INFO: Lock acquired. Setting startlevel to 100
Jan 31, 2025 3:59:08 AM org.apache.karaf.main.Main launch
INFO: Installing and starting initial bundles
Jan 31, 2025 3:59:09 AM org.apache.karaf.main.Main launch
INFO: All initial bundles installed and set to start
Jan 31, 2025 3:59:09 AM org.apache.karaf.main.Main$KarafLockCallback lockAcquired
INFO: Lock acquired. Setting startlevel to 100
Jan 31, 2025 9:44:16 PM org.apache.karaf.main.Main launch
INFO: Installing and starting initial bundles
Jan 31, 2025 9:44:17 PM org.apache.karaf.main.Main launch
INFO: All initial bundles installed and set to start
Jan 31, 2025 9:44:17 PM org.apache.karaf.main.Main$KarafLockCallback lockAcquired
INFO: Lock acquired. Setting startlevel to 100
Feb 01, 2025 9:04:00 PM org.apache.karaf.main.Main launch
INFO: Installing and starting initial bundles
Feb 01, 2025 9:04:00 PM org.apache.karaf.main.Main launch
INFO: All initial bundles installed and set to start
Feb 01, 2025 9:04:00 PM org.apache.karaf.main.Main$KarafLockCallback lockAcquired
INFO: Lock acquired. Setting startlevel to 100
Feb 02, 2025 10:22:08 PM org.apache.karaf.main.Main launch
INFO: Installing and starting initial bundles
Feb 02, 2025 10:22:09 PM org.apache.karaf.main.Main launch
INFO: All initial bundles installed and set to start
Feb 02, 2025 10:22:09 PM org.apache.karaf.main.Main$KarafLockCallback lockAcquired
INFO: Lock acquired. Setting startlevel to 100
Feb 03, 2025 5:27:18 AM org.apache.karaf.main.Main launch
INFO: Installing and starting initial bundles
Feb 03, 2025 5:27:19 AM org.apache.karaf.main.Main launch
INFO: All initial bundles installed and set to start
Feb 03, 2025 5:27:19 AM org.apache.karaf.main.Main$KarafLockCallback lockAcquired
INFO: Lock acquired. Setting startlevel to 100
Feb 04, 2025 2:47:56 AM org.apache.karaf.main.Main launch
INFO: Installing and starting initial bundles
Feb 04, 2025 2:47:56 AM org.apache.karaf.main.Main launch
INFO: All initial bundles installed and set to start
Feb 04, 2025 2:47:57 AM org.apache.karaf.main.Main$KarafLockCallback lockAcquired
INFO: Lock acquired. Setting startlevel to 100
Feb 04, 2025 1:48:42 PM org.apache.karaf.main.Main launch
INFO: Installing and starting initial bundles
Feb 04, 2025 1:48:42 PM org.apache.karaf.main.Main launch
INFO: All initial bundles installed and set to start
Feb 04, 2025 1:48:43 PM org.apache.karaf.main.Main$KarafLockCallback lockAcquired
INFO: Lock acquired. Setting startlevel to 100
Feb 04, 2025 6:28:41 PM org.apache.karaf.main.Main launch
INFO: Installing and starting initial bundles
Feb 04, 2025 6:28:41 PM org.apache.karaf.main.Main launch
INFO: All initial bundles installed and set to start
Feb 04, 2025 6:28:41 PM org.apache.karaf.main.Main$KarafLockCallback lockAcquired
INFO: Lock acquired. Setting startlevel to 100
Feb 05, 2025 2:28:57 PM org.apache.karaf.main.Main launch
INFO: Installing and starting initial bundles
Feb 05, 2025 2:28:58 PM org.apache.karaf.main.Main launch
INFO: All initial bundles installed and set to start
Feb 05, 2025 2:28:58 PM org.apache.karaf.main.Main$KarafLockCallback lockAcquired
INFO: Lock acquired. Setting startlevel to 100
Feb 05, 2025 11:54:52 PM org.apache.karaf.main.Main launch
INFO: Installing and starting initial bundles
Feb 05, 2025 11:54:53 PM org.apache.karaf.main.Main launch
INFO: All initial bundles installed and set to start
Feb 05, 2025 11:54:53 PM org.apache.karaf.main.Main$KarafLockCallback lockAcquired
INFO: Lock acquired. Setting startlevel to 100
Feb 06, 2025 7:30:11 PM org.apache.karaf.main.Main launch
INFO: Installing and starting initial bundles
Feb 06, 2025 7:30:11 PM org.apache.karaf.main.Main launch
INFO: All initial bundles installed and set to start
Feb 06, 2025 7:30:11 PM org.apache.karaf.main.Main$KarafLockCallback lockAcquired
INFO: Lock acquired. Setting startlevel to 100
Feb 06, 2025 8:44:45 PM org.apache.karaf.main.Main launch
INFO: Installing and starting initial bundles
Feb 06, 2025 8:44:45 PM org.apache.karaf.main.Main launch
INFO: All initial bundles installed and set to start
Feb 06, 2025 8:44:46 PM org.apache.karaf.main.Main$KarafLockCallback lockAcquired
INFO: Lock acquired. Setting startlevel to 100
Feb 07, 2025 3:56:42 AM org.apache.karaf.main.Main launch
INFO: Installing and starting initial bundles
Feb 07, 2025 3:56:43 AM org.apache.karaf.main.Main launch
INFO: All initial bundles installed and set to start
Feb 07, 2025 3:56:43 AM org.apache.karaf.main.Main$KarafLockCallback lockAcquired
INFO: Lock acquired. Setting startlevel to 100
Feb 07, 2025 3:48:29 PM org.apache.karaf.main.Main launch
INFO: Installing and starting initial bundles
Feb 07, 2025 3:48:29 PM org.apache.karaf.main.Main launch
INFO: All initial bundles installed and set to start
Feb 07, 2025 3:48:29 PM org.apache.karaf.main.Main$KarafLockCallback lockAcquired
INFO: Lock acquired. Setting startlevel to 100
Feb 07, 2025 8:42:56 PM org.apache.karaf.main.Main launch
INFO: Installing and starting initial bundles
Feb 07, 2025 8:42:57 PM org.apache.karaf.main.Main launch
INFO: All initial bundles installed and set to start
Feb 07, 2025 8:42:57 PM org.apache.karaf.main.Main$KarafLockCallback lockAcquired
INFO: Lock acquired. Setting startlevel to 100
Feb 07, 2025 9:24:51 PM org.apache.karaf.main.Main launch
INFO: Installing and starting initial bundles
Feb 07, 2025 9:24:52 PM org.apache.karaf.main.Main launch
INFO: All initial bundles installed and set to start
Feb 07, 2025 9:24:52 PM org.apache.karaf.main.Main$KarafLockCallback lockAcquired
INFO: Lock acquired. Setting startlevel to 100
Feb 07, 2025 10:11:33 PM org.apache.karaf.main.Main launch
INFO: Installing and starting initial bundles
Feb 07, 2025 10:11:34 PM org.apache.karaf.main.Main launch
INFO: All initial bundles installed and set to start
Feb 07, 2025 10:11:34 PM org.apache.karaf.main.Main$KarafLockCallback lockAcquired
INFO: Lock acquired. Setting startlevel to 100
Feb 08, 2025 2:45:59 AM org.apache.karaf.main.Main launch
INFO: Installing and starting initial bundles
Feb 08, 2025 2:45:59 AM org.apache.karaf.main.Main launch
INFO: All initial bundles installed and set to start
Feb 08, 2025 2:46:00 AM org.apache.karaf.main.Main$KarafLockCallback lockAcquired
INFO: Lock acquired. Setting startlevel to 100
Feb 08, 2025 5:19:52 PM org.apache.karaf.main.Main launch
INFO: Installing and starting initial bundles
Feb 08, 2025 5:19:53 PM org.apache.karaf.main.Main launch
INFO: All initial bundles installed and set to start
Feb 08, 2025 5:19:53 PM org.apache.karaf.main.Main$KarafLockCallback lockAcquired
INFO: Lock acquired. Setting startlevel to 100
Feb 09, 2025 12:33:48 AM org.apache.karaf.main.Main launch
INFO: Installing and starting initial bundles
Feb 09, 2025 12:33:49 AM org.apache.karaf.main.Main launch
INFO: All initial bundles installed and set to start
Feb 09, 2025 12:33:49 AM org.apache.karaf.main.Main$KarafLockCallback lockAcquired
INFO: Lock acquired. Setting startlevel to 100
Feb 10, 2025 3:11:00 AM org.apache.karaf.main.Main launch
INFO: Installing and starting initial bundles
Feb 10, 2025 3:11:00 AM org.apache.karaf.main.Main launch
INFO: All initial bundles installed and set to start
Feb 10, 2025 3:11:00 AM org.apache.karaf.main.Main$KarafLockCallback lockAcquired
INFO: Lock acquired. Setting startlevel to 100
Feb 10, 2025 4:24:08 AM org.apache.karaf.main.Main launch
INFO: Installing and starting initial bundles
Feb 10, 2025 4:24:08 AM org.apache.karaf.main.Main launch
INFO: All initial bundles installed and set to start
Feb 10, 2025 4:24:08 AM org.apache.karaf.main.Main$KarafLockCallback lockAcquired
INFO: Lock acquired. Setting startlevel to 100
Feb 10, 2025 7:26:10 AM org.apache.karaf.main.Main launch
INFO: Installing and starting initial bundles
Feb 10, 2025 7:26:11 AM org.apache.karaf.main.Main launch
INFO: All initial bundles installed and set to start
Feb 10, 2025 7:26:11 AM org.apache.karaf.main.Main$KarafLockCallback lockAcquired
INFO: Lock acquired. Setting startlevel to 100
Feb 10, 2025 2:02:36 PM org.apache.karaf.main.Main launch
INFO: Installing and starting initial bundles
Feb 10, 2025 2:02:36 PM org.apache.karaf.main.Main launch
INFO: All initial bundles installed and set to start
Feb 10, 2025 2:02:36 PM org.apache.karaf.main.Main$KarafLockCallback lockAcquired
INFO: Lock acquired. Setting startlevel to 100
Feb 10, 2025 8:05:28 PM org.apache.karaf.main.Main launch
INFO: Installing and starting initial bundles
Feb 10, 2025 8:05:28 PM org.apache.karaf.main.Main launch
INFO: All initial bundles installed and set to start
Feb 10, 2025 8:05:29 PM org.apache.karaf.main.Main$KarafLockCallback lockAcquired
INFO: Lock acquired. Setting startlevel to 100
Feb 13, 2025 1:28:03 AM org.apache.karaf.main.Main launch
INFO: Installing and starting initial bundles
Feb 13, 2025 1:28:03 AM org.apache.karaf.main.Main launch
INFO: All initial bundles installed and set to start
Feb 13, 2025 1:28:04 AM org.apache.karaf.main.Main$KarafLockCallback lockAcquired
INFO: Lock acquired. Setting startlevel to 100
Feb 13, 2025 5:23:13 AM org.apache.karaf.main.Main launch
INFO: Installing and starting initial bundles
Feb 13, 2025 5:23:14 AM org.apache.karaf.main.Main launch
INFO: All initial bundles installed and set to start
Feb 13, 2025 5:23:14 AM org.apache.karaf.main.Main$KarafLockCallback lockAcquired
INFO: Lock acquired. Setting startlevel to 100
Feb 13, 2025 11:36:50 PM org.apache.karaf.main.Main launch
INFO: Installing and starting initial bundles
Feb 13, 2025 11:36:50 PM org.apache.karaf.main.Main launch
INFO: All initial bundles installed and set to start
Feb 13, 2025 11:36:51 PM org.apache.karaf.main.Main$KarafLockCallback lockAcquired
INFO: Lock acquired. Setting startlevel to 100
Feb 15, 2025 3:01:07 AM org.apache.karaf.main.Main launch
INFO: Installing and starting initial bundles
Feb 15, 2025 3:01:08 AM org.apache.karaf.main.Main launch
INFO: All initial bundles installed and set to start
Feb 15, 2025 3:01:08 AM org.apache.karaf.main.Main$KarafLockCallback lockAcquired
INFO: Lock acquired. Setting startlevel to 100
Feb 15, 2025 4:17:35 AM org.apache.karaf.main.Main launch
INFO: Installing and starting initial bundles
Feb 15, 2025 4:17:35 AM org.apache.karaf.main.Main launch
INFO: All initial bundles installed and set to start
Feb 15, 2025 4:17:36 AM org.apache.karaf.main.Main$KarafLockCallback lockAcquired
INFO: Lock acquired. Setting startlevel to 100
Feb 15, 2025 10:09:31 PM org.apache.karaf.main.Main launch
INFO: Installing and starting initial bundles
Feb 15, 2025 10:09:31 PM org.apache.karaf.main.Main launch
INFO: All initial bundles installed and set to start
Feb 15, 2025 10:09:32 PM org.apache.karaf.main.Main$KarafLockCallback lockAcquired
INFO: Lock acquired. Setting startlevel to 100
Feb 15, 2025 10:10:34 PM org.apache.karaf.main.Main launch
INFO: Installing and starting initial bundles
Feb 15, 2025 10:10:35 PM org.apache.karaf.main.Main launch
INFO: All initial bundles installed and set to start
Feb 15, 2025 10:10:35 PM org.apache.karaf.main.Main$KarafLockCallback lockAcquired
INFO: Lock acquired. Setting startlevel to 100
Feb 15, 2025 10:17:38 PM org.apache.karaf.main.Main launch
INFO: Installing and starting initial bundles
Feb 15, 2025 10:17:38 PM org.apache.karaf.main.Main launch
INFO: All initial bundles installed and set to start
Feb 15, 2025 10:17:38 PM org.apache.karaf.main.Main$KarafLockCallback lockAcquired
INFO: Lock acquired. Setting startlevel to 100
Feb 16, 2025 8:00:25 PM org.apache.karaf.main.Main launch
INFO: Installing and starting initial bundles
Feb 16, 2025 8:00:25 PM org.apache.karaf.main.Main launch
INFO: All initial bundles installed and set to start
Feb 16, 2025 8:00:26 PM org.apache.karaf.main.Main$KarafLockCallback lockAcquired
INFO: Lock acquired. Setting startlevel to 100
Feb 17, 2025 2:55:06 AM org.apache.karaf.main.Main launch
INFO: Installing and starting initial bundles
Feb 17, 2025 2:55:07 AM org.apache.karaf.main.Main launch
INFO: All initial bundles installed and set to start
Feb 17, 2025 2:55:07 AM org.apache.karaf.main.Main$KarafLockCallback lockAcquired
INFO: Lock acquired. Setting startlevel to 100
Feb 18, 2025 1:58:21 AM org.apache.karaf.main.Main launch
INFO: Installing and starting initial bundles
Feb 18, 2025 1:58:21 AM org.apache.karaf.main.Main launch
INFO: All initial bundles installed and set to start
Feb 18, 2025 1:58:22 AM org.apache.karaf.main.Main$KarafLockCallback lockAcquired
INFO: Lock acquired. Setting startlevel to 100
Feb 19, 2025 3:24:45 AM org.apache.karaf.main.Main launch
INFO: Installing and starting initial bundles
Feb 19, 2025 3:24:46 AM org.apache.karaf.main.Main launch
INFO: All initial bundles installed and set to start
Feb 19, 2025 3:24:46 AM org.apache.karaf.main.Main$KarafLockCallback lockAcquired
INFO: Lock acquired. Setting startlevel to 100
Feb 19, 2025 7:49:20 PM org.apache.karaf.main.Main launch
INFO: Installing and starting initial bundles
Feb 19, 2025 7:49:20 PM org.apache.karaf.main.Main launch
INFO: All initial bundles installed and set to start
Feb 19, 2025 7:49:21 PM org.apache.karaf.main.Main$KarafLockCallback lockAcquired
INFO: Lock acquired. Setting startlevel to 100
Feb 21, 2025 12:12:17 AM org.apache.karaf.main.Main launch
INFO: Installing and starting initial bundles
Feb 21, 2025 12:12:18 AM org.apache.karaf.main.Main launch
INFO: All initial bundles installed and set to start
Feb 21, 2025 12:12:18 AM org.apache.karaf.main.Main$KarafLockCallback lockAcquired
INFO: Lock acquired. Setting startlevel to 100
Feb 21, 2025 8:06:53 PM org.apache.karaf.main.Main launch
INFO: Installing and starting initial bundles
Feb 21, 2025 8:06:53 PM org.apache.karaf.main.Main launch
INFO: All initial bundles installed and set to start
Feb 21, 2025 8:06:54 PM org.apache.karaf.main.Main$KarafLockCallback lockAcquired
INFO: Lock acquired. Setting startlevel to 100
Feb 23, 2025 5:10:50 PM org.apache.karaf.main.Main launch
INFO: Installing and starting initial bundles
Feb 23, 2025 5:10:50 PM org.apache.karaf.main.Main launch
INFO: All initial bundles installed and set to start
Feb 23, 2025 5:10:51 PM org.apache.karaf.main.Main$KarafLockCallback lockAcquired
INFO: Lock acquired. Setting startlevel to 100
Feb 23, 2025 8:55:09 PM org.apache.karaf.main.Main launch
INFO: Installing and starting initial bundles
Feb 23, 2025 8:55:09 PM org.apache.karaf.main.Main launch
INFO: All initial bundles installed and set to start
Feb 23, 2025 8:55:10 PM org.apache.karaf.main.Main$KarafLockCallback lockAcquired
INFO: Lock acquired. Setting startlevel to 100
Feb 25, 2025 3:17:09 AM org.apache.karaf.main.Main launch
INFO: Installing and starting initial bundles
Feb 25, 2025 3:17:09 AM org.apache.karaf.main.Main launch
INFO: All initial bundles installed and set to start
Feb 25, 2025 3:17:10 AM org.apache.karaf.main.Main$KarafLockCallback lockAcquired
INFO: Lock acquired. Setting startlevel to 100
Feb 25, 2025 11:14:34 PM org.apache.karaf.main.Main launch
INFO: Installing and starting initial bundles
Feb 25, 2025 11:14:34 PM org.apache.karaf.main.Main launch
INFO: All initial bundles installed and set to start
Feb 25, 2025 11:14:34 PM org.apache.karaf.main.Main$KarafLockCallback lockAcquired
INFO: Lock acquired. Setting startlevel to 100
Feb 26, 2025 3:49:28 AM org.apache.karaf.main.Main launch
INFO: Installing and starting initial bundles
Feb 26, 2025 3:49:28 AM org.apache.karaf.main.Main launch
INFO: All initial bundles installed and set to start
Feb 26, 2025 3:49:28 AM org.apache.karaf.main.Main$KarafLockCallback lockAcquired
INFO: Lock acquired. Setting startlevel to 100
Feb 26, 2025 1:41:32 PM org.apache.karaf.main.Main launch
INFO: Installing and starting initial bundles
Feb 26, 2025 1:41:33 PM org.apache.karaf.main.Main launch
INFO: All initial bundles installed and set to start
Feb 26, 2025 1:41:33 PM org.apache.karaf.main.Main$KarafLockCallback lockAcquired
INFO: Lock acquired. Setting startlevel to 100
Feb 28, 2025 4:47:19 AM org.apache.karaf.main.Main launch
INFO: Installing and starting initial bundles
Feb 28, 2025 4:47:19 AM org.apache.karaf.main.Main launch
INFO: All initial bundles installed and set to start
Feb 28, 2025 4:47:20 AM org.apache.karaf.main.Main$KarafLockCallback lockAcquired
INFO: Lock acquired. Setting startlevel to 100
Feb 28, 2025 1:23:56 PM org.apache.karaf.main.Main launch
INFO: Installing and starting initial bundles
Feb 28, 2025 1:23:57 PM org.apache.karaf.main.Main launch
INFO: All initial bundles installed and set to start
Feb 28, 2025 1:23:57 PM org.apache.karaf.main.Main$KarafLockCallback lockAcquired
INFO: Lock acquired. Setting startlevel to 100
Feb 28, 2025 11:42:18 PM org.apache.karaf.main.Main launch
INFO: Installing and starting initial bundles
Feb 28, 2025 11:42:19 PM org.apache.karaf.main.Main launch
INFO: All initial bundles installed and set to start
Feb 28, 2025 11:42:19 PM org.apache.karaf.main.Main$KarafLockCallback lockAcquired
INFO: Lock acquired. Setting startlevel to 100
Mar 01, 2025 10:45:59 PM org.apache.karaf.main.Main launch
INFO: Installing and starting initial bundles
Mar 01, 2025 10:46:00 PM org.apache.karaf.main.Main launch
INFO: All initial bundles installed and set to start
Mar 01, 2025 10:46:00 PM org.apache.karaf.main.Main$KarafLockCallback lockAcquired
INFO: Lock acquired. Setting startlevel to 100
Mar 02, 2025 12:23:47 AM org.apache.karaf.main.Main launch
INFO: Installing and starting initial bundles
Mar 02, 2025 12:23:47 AM org.apache.karaf.main.Main launch
INFO: All initial bundles installed and set to start
Mar 02, 2025 12:23:48 AM org.apache.karaf.main.Main$KarafLockCallback lockAcquired
INFO: Lock acquired. Setting startlevel to 100
Mar 02, 2025 12:26:30 AM org.apache.karaf.main.Main launch
INFO: Installing and starting initial bundles
Mar 02, 2025 12:26:31 AM org.apache.karaf.main.Main launch
INFO: All initial bundles installed and set to start
Mar 02, 2025 12:26:31 AM org.apache.karaf.main.Main$KarafLockCallback lockAcquired
INFO: Lock acquired. Setting startlevel to 100
Mar 02, 2025 12:31:47 AM org.apache.karaf.main.Main launch
INFO: Installing and starting initial bundles
Mar 02, 2025 12:31:47 AM org.apache.karaf.main.Main launch
INFO: All initial bundles installed and set to start
Mar 02, 2025 12:31:48 AM org.apache.karaf.main.Main$KarafLockCallback lockAcquired
INFO: Lock acquired. Setting startlevel to 100
Mar 02, 2025 12:34:28 AM org.apache.karaf.main.Main launch
INFO: Installing and starting initial bundles
Mar 02, 2025 12:34:28 AM org.apache.karaf.main.Main launch
INFO: All initial bundles installed and set to start
Mar 02, 2025 12:34:28 AM org.apache.karaf.main.Main$KarafLockCallback lockAcquired
INFO: Lock acquired. Setting startlevel to 100
Mar 02, 2025 8:08:21 AM org.apache.karaf.main.Main launch
INFO: Installing and starting initial bundles
Mar 02, 2025 8:08:21 AM org.apache.karaf.main.Main launch
INFO: All initial bundles installed and set to start
Mar 02, 2025 8:08:22 AM org.apache.karaf.main.Main$KarafLockCallback lockAcquired
INFO: Lock acquired. Setting startlevel to 100
Mar 03, 2025 8:08:52 AM org.apache.karaf.main.Main launch
INFO: Installing and starting initial bundles
Mar 03, 2025 8:08:53 AM org.apache.karaf.main.Main launch
INFO: All initial bundles installed and set to start
Mar 03, 2025 8:08:53 AM org.apache.karaf.main.Main$KarafLockCallback lockAcquired
INFO: Lock acquired. Setting startlevel to 100
Mar 03, 2025 9:14:57 PM org.apache.karaf.main.Main launch
INFO: Installing and starting initial bundles
Mar 03, 2025 9:14:57 PM org.apache.karaf.main.Main launch
INFO: All initial bundles installed and set to start
Mar 03, 2025 9:14:58 PM org.apache.karaf.main.Main$KarafLockCallback lockAcquired
INFO: Lock acquired. Setting startlevel to 100
Mar 04, 2025 7:59:08 PM org.apache.karaf.main.Main launch
INFO: Installing and starting initial bundles
Mar 04, 2025 7:59:08 PM org.apache.karaf.main.Main launch
INFO: All initial bundles installed and set to start
Mar 04, 2025 7:59:09 PM org.apache.karaf.main.Main$KarafLockCallback lockAcquired
INFO: Lock acquired. Setting startlevel to 100
Mar 05, 2025 11:09:34 PM org.apache.karaf.main.Main launch
INFO: Installing and starting initial bundles
Mar 05, 2025 11:09:35 PM org.apache.karaf.main.Main launch
INFO: All initial bundles installed and set to start
Mar 05, 2025 11:09:35 PM org.apache.karaf.main.Main$KarafLockCallback lockAcquired
INFO: Lock acquired. Setting startlevel to 100
Mar 06, 2025 3:29:40 AM org.apache.karaf.main.Main launch
INFO: Installing and starting initial bundles
Mar 06, 2025 3:29:41 AM org.apache.karaf.main.Main launch
INFO: All initial bundles installed and set to start
Mar 06, 2025 3:29:42 AM org.apache.karaf.main.Main$KarafLockCallback lockAcquired
INFO: Lock acquired. Setting startlevel to 100
Mar 06, 2025 8:33:21 PM org.apache.karaf.main.Main launch
INFO: Installing and starting initial bundles
Mar 06, 2025 8:33:22 PM org.apache.karaf.main.Main launch
INFO: All initial bundles installed and set to start
Mar 06, 2025 8:33:22 PM org.apache.karaf.main.Main$KarafLockCallback lockAcquired
INFO: Lock acquired. Setting startlevel to 100
Mar 07, 2025 9:12:01 PM org.apache.karaf.main.Main launch
INFO: Installing and starting initial bundles
Mar 07, 2025 9:12:02 PM org.apache.karaf.main.Main launch
INFO: All initial bundles installed and set to start
Mar 07, 2025 9:12:02 PM org.apache.karaf.main.Main$KarafLockCallback lockAcquired
INFO: Lock acquired. Setting startlevel to 100
Mar 07, 2025 11:10:46 PM org.apache.karaf.main.Main launch
INFO: Installing and starting initial bundles
Mar 07, 2025 11:10:47 PM org.apache.karaf.main.Main launch
INFO: All initial bundles installed and set to start
Mar 07, 2025 11:10:47 PM org.apache.karaf.main.Main$KarafLockCallback lockAcquired
INFO: Lock acquired. Setting startlevel to 100
Mar 09, 2025 2:13:44 AM org.apache.karaf.main.Main launch
INFO: Installing and starting initial bundles
Mar 09, 2025 2:13:44 AM org.apache.karaf.main.Main launch
INFO: All initial bundles installed and set to start
Mar 09, 2025 2:13:45 AM org.apache.karaf.main.Main$KarafLockCallback lockAcquired
INFO: Lock acquired. Setting startlevel to 100
Mar 09, 2025 3:09:17 PM org.apache.karaf.main.Main launch
INFO: Installing and starting initial bundles
Mar 09, 2025 3:09:17 PM org.apache.karaf.main.Main launch
INFO: All initial bundles installed and set to start
Mar 09, 2025 3:09:18 PM org.apache.karaf.main.Main$KarafLockCallback lockAcquired
INFO: Lock acquired. Setting startlevel to 100
Mar 10, 2025 1:21:45 PM org.apache.karaf.main.Main launch
INFO: Installing and starting initial bundles
Mar 10, 2025 1:21:45 PM org.apache.karaf.main.Main launch
INFO: All initial bundles installed and set to start
Mar 10, 2025 1:21:45 PM org.apache.karaf.main.Main$KarafLockCallback lockAcquired
INFO: Lock acquired. Setting startlevel to 100
Mar 10, 2025 1:25:45 PM org.apache.karaf.main.Main launch
INFO: Installing and starting initial bundles
Mar 10, 2025 1:25:46 PM org.apache.karaf.main.Main launch
INFO: All initial bundles installed and set to start
Mar 10, 2025 1:25:46 PM org.apache.karaf.main.Main$KarafLockCallback lockAcquired
INFO: Lock acquired. Setting startlevel to 100
Mar 10, 2025 3:06:30 PM org.apache.karaf.main.Main launch
INFO: Installing and starting initial bundles
Mar 10, 2025 3:06:30 PM org.apache.karaf.main.Main launch
INFO: All initial bundles installed and set to start
Mar 10, 2025 3:06:31 PM org.apache.karaf.main.Main$KarafLockCallback lockAcquired
INFO: Lock acquired. Setting startlevel to 100
Mar 10, 2025 11:04:29 PM org.apache.karaf.main.Main launch
INFO: Installing and starting initial bundles
Mar 10, 2025 11:04:30 PM org.apache.karaf.main.Main launch
INFO: All initial bundles installed and set to start
Mar 10, 2025 11:04:30 PM org.apache.karaf.main.Main$KarafLockCallback lockAcquired
INFO: Lock acquired. Setting startlevel to 100
Mar 11, 2025 3:00:02 PM org.apache.karaf.main.Main launch
INFO: Installing and starting initial bundles
Mar 11, 2025 3:00:02 PM org.apache.karaf.main.Main launch
INFO: All initial bundles installed and set to start
Mar 11, 2025 3:00:03 PM org.apache.karaf.main.Main$KarafLockCallback lockAcquired
INFO: Lock acquired. Setting startlevel to 100
Mar 12, 2025 5:42:45 AM org.apache.karaf.main.Main launch
INFO: Installing and starting initial bundles
Mar 12, 2025 5:42:45 AM org.apache.karaf.main.Main launch
INFO: All initial bundles installed and set to start
Mar 12, 2025 5:42:45 AM org.apache.karaf.main.Main$KarafLockCallback lockAcquired
INFO: Lock acquired. Setting startlevel to 100
Mar 12, 2025 7:11:38 PM org.apache.karaf.main.Main launch
INFO: Installing and starting initial bundles
Mar 12, 2025 7:11:39 PM org.apache.karaf.main.Main launch
INFO: All initial bundles installed and set to start
Mar 12, 2025 7:11:39 PM org.apache.karaf.main.Main$KarafLockCallback lockAcquired
INFO: Lock acquired. Setting startlevel to 100
Mar 13, 2025 11:28:38 AM org.apache.karaf.main.Main launch
INFO: Installing and starting initial bundles
Mar 13, 2025 11:28:39 AM org.apache.karaf.main.Main launch
INFO: All initial bundles installed and set to start
Mar 13, 2025 11:28:39 AM org.apache.karaf.main.Main$KarafLockCallback lockAcquired
INFO: Lock acquired. Setting startlevel to 100
Mar 13, 2025 11:51:21 AM org.apache.karaf.main.Main launch
INFO: Installing and starting initial bundles
Mar 13, 2025 11:51:21 AM org.apache.karaf.main.Main launch
INFO: All initial bundles installed and set to start
Mar 13, 2025 11:51:22 AM org.apache.karaf.main.Main$KarafLockCallback lockAcquired
INFO: Lock acquired. Setting startlevel to 100
Mar 13, 2025 12:19:41 PM org.apache.karaf.main.Main launch
INFO: Installing and starting initial bundles
Mar 13, 2025 12:19:41 PM org.apache.karaf.main.Main launch
INFO: All initial bundles installed and set to start
Mar 13, 2025 12:19:42 PM org.apache.karaf.main.Main$KarafLockCallback lockAcquired
INFO: Lock acquired. Setting startlevel to 100
Mar 13, 2025 1:14:27 PM org.apache.karaf.main.Main launch
INFO: Installing and starting initial bundles
Mar 13, 2025 1:14:27 PM org.apache.karaf.main.Main launch
INFO: All initial bundles installed and set to start
Mar 13, 2025 1:14:28 PM org.apache.karaf.main.Main$KarafLockCallback lockAcquired
INFO: Lock acquired. Setting startlevel to 100
Mar 13, 2025 1:57:54 PM org.apache.karaf.main.Main launch
INFO: Installing and starting initial bundles
Mar 13, 2025 1:57:55 PM org.apache.karaf.main.Main launch
INFO: All initial bundles installed and set to start
Mar 13, 2025 1:57:55 PM org.apache.karaf.main.Main$KarafLockCallback lockAcquired
INFO: Lock acquired. Setting startlevel to 100
Mar 13, 2025 2:00:12 PM org.apache.karaf.main.Main launch
INFO: Installing and starting initial bundles
Mar 13, 2025 2:00:13 PM org.apache.karaf.main.Main launch
INFO: All initial bundles installed and set to start
Mar 13, 2025 2:00:13 PM org.apache.karaf.main.Main$KarafLockCallback lockAcquired
INFO: Lock acquired. Setting startlevel to 100
Mar 13, 2025 2:01:19 PM org.apache.karaf.main.Main launch
INFO: Installing and starting initial bundles
Mar 13, 2025 2:01:19 PM org.apache.karaf.main.Main launch
INFO: All initial bundles installed and set to start
Mar 13, 2025 2:01:20 PM org.apache.karaf.main.Main$KarafLockCallback lockAcquired
INFO: Lock acquired. Setting startlevel to 100
Mar 13, 2025 3:53:50 PM org.apache.karaf.main.Main launch
INFO: Installing and starting initial bundles
Mar 13, 2025 3:53:50 PM org.apache.karaf.main.Main launch
INFO: All initial bundles installed and set to start
Mar 13, 2025 3:53:51 PM org.apache.karaf.main.Main$KarafLockCallback lockAcquired
INFO: Lock acquired. Setting startlevel to 100
Mar 13, 2025 7:45:21 PM org.apache.karaf.main.Main launch
INFO: Installing and starting initial bundles
Mar 13, 2025 7:45:22 PM org.apache.karaf.main.Main launch
INFO: All initial bundles installed and set to start
Mar 13, 2025 7:45:22 PM org.apache.karaf.main.Main$KarafLockCallback lockAcquired
INFO: Lock acquired. Setting startlevel to 100
Mar 14, 2025 2:17:09 PM org.apache.karaf.main.Main launch
INFO: Installing and starting initial bundles
Mar 14, 2025 2:17:10 PM org.apache.karaf.main.Main launch
INFO: All initial bundles installed and set to start
Mar 14, 2025 2:17:10 PM org.apache.karaf.main.Main$KarafLockCallback lockAcquired
INFO: Lock acquired. Setting startlevel to 100
Mar 14, 2025 6:45:16 PM org.apache.karaf.main.Main launch
INFO: Installing and starting initial bundles
Mar 14, 2025 6:45:17 PM org.apache.karaf.main.Main launch
INFO: All initial bundles installed and set to start
Mar 14, 2025 6:45:17 PM org.apache.karaf.main.Main$KarafLockCallback lockAcquired
INFO: Lock acquired. Setting startlevel to 100
Mar 15, 2025 11:52:43 AM org.apache.karaf.main.Main launch
INFO: Installing and starting initial bundles
Mar 15, 2025 11:52:43 AM org.apache.karaf.main.Main launch
INFO: All initial bundles installed and set to start
Mar 15, 2025 11:52:44 AM org.apache.karaf.main.Main$KarafLockCallback lockAcquired
INFO: Lock acquired. Setting startlevel to 100
Mar 17, 2025 2:12:12 AM org.apache.karaf.main.Main launch
INFO: Installing and starting initial bundles
Mar 17, 2025 2:12:12 AM org.apache.karaf.main.Main launch
INFO: All initial bundles installed and set to start
Mar 17, 2025 2:12:13 AM org.apache.karaf.main.Main$KarafLockCallback lockAcquired
INFO: Lock acquired. Setting startlevel to 100
Mar 17, 2025 3:18:18 PM org.apache.karaf.main.Main launch
INFO: Installing and starting initial bundles
Mar 17, 2025 3:18:18 PM org.apache.karaf.main.Main launch
INFO: All initial bundles installed and set to start
Mar 17, 2025 3:18:19 PM org.apache.karaf.main.Main$KarafLockCallback lockAcquired
INFO: Lock acquired. Setting startlevel to 100
Mar 17, 2025 6:51:48 PM org.apache.karaf.main.Main launch
INFO: Installing and starting initial bundles
Mar 17, 2025 6:51:48 PM org.apache.karaf.main.Main launch
INFO: All initial bundles installed and set to start
Mar 17, 2025 6:51:49 PM org.apache.karaf.main.Main$KarafLockCallback lockAcquired
INFO: Lock acquired. Setting startlevel to 100
Mar 18, 2025 1:13:37 PM org.apache.karaf.main.Main launch
INFO: Installing and starting initial bundles
Mar 18, 2025 1:13:38 PM org.apache.karaf.main.Main launch
INFO: All initial bundles installed and set to start
Mar 18, 2025 1:13:38 PM org.apache.karaf.main.Main$KarafLockCallback lockAcquired
INFO: Lock acquired. Setting startlevel to 100
Mar 18, 2025 8:48:51 PM org.apache.karaf.main.Main launch
INFO: Installing and starting initial bundles
Mar 18, 2025 8:48:52 PM org.apache.karaf.main.Main launch
INFO: All initial bundles installed and set to start
Mar 18, 2025 8:48:52 PM org.apache.karaf.main.Main$KarafLockCallback lockAcquired
INFO: Lock acquired. Setting startlevel to 100
Mar 19, 2025 3:32:28 PM org.apache.karaf.main.Main launch
INFO: Installing and starting initial bundles
Mar 19, 2025 3:32:28 PM org.apache.karaf.main.Main launch
INFO: All initial bundles installed and set to start
Mar 19, 2025 3:32:29 PM org.apache.karaf.main.Main$KarafLockCallback lockAcquired
INFO: Lock acquired. Setting startlevel to 100
Mar 20, 2025 1:33:17 PM org.apache.karaf.main.Main launch
INFO: Installing and starting initial bundles
Mar 20, 2025 1:33:18 PM org.apache.karaf.main.Main launch
INFO: All initial bundles installed and set to start
Mar 20, 2025 1:33:18 PM org.apache.karaf.main.Main$KarafLockCallback lockAcquired
INFO: Lock acquired. Setting startlevel to 100
Mar 20, 2025 7:01:36 PM org.apache.karaf.main.Main launch
INFO: Installing and starting initial bundles
Mar 20, 2025 7:01:36 PM org.apache.karaf.main.Main launch
INFO: All initial bundles installed and set to start
Mar 20, 2025 7:01:37 PM org.apache.karaf.main.Main$KarafLockCallback lockAcquired
INFO: Lock acquired. Setting startlevel to 100
Mar 21, 2025 7:54:48 PM org.apache.karaf.main.Main launch
INFO: Installing and starting initial bundles
Mar 21, 2025 7:54:49 PM org.apache.karaf.main.Main launch
INFO: All initial bundles installed and set to start
Mar 21, 2025 7:54:49 PM org.apache.karaf.main.Main$KarafLockCallback lockAcquired
INFO: Lock acquired. Setting startlevel to 100
Mar 22, 2025 3:59:32 PM org.apache.karaf.main.Main launch
INFO: Installing and starting initial bundles
Mar 22, 2025 3:59:33 PM org.apache.karaf.main.Main launch
INFO: All initial bundles installed and set to start
Mar 22, 2025 3:59:33 PM org.apache.karaf.main.Main$KarafLockCallback lockAcquired
INFO: Lock acquired. Setting startlevel to 100
Mar 22, 2025 7:16:17 PM org.apache.karaf.main.Main launch
INFO: Installing and starting initial bundles
Mar 22, 2025 7:16:17 PM org.apache.karaf.main.Main launch
INFO: All initial bundles installed and set to start
Mar 22, 2025 7:16:18 PM org.apache.karaf.main.Main$KarafLockCallback lockAcquired
INFO: Lock acquired. Setting startlevel to 100
Mar 23, 2025 7:25:28 PM org.apache.karaf.main.Main launch
INFO: Installing and starting initial bundles
Mar 23, 2025 7:25:29 PM org.apache.karaf.main.Main launch
INFO: All initial bundles installed and set to start
Mar 23, 2025 7:25:29 PM org.apache.karaf.main.Main$KarafLockCallback lockAcquired
INFO: Lock acquired. Setting startlevel to 100
Mar 24, 2025 5:52:43 AM org.apache.karaf.main.Main launch
INFO: Installing and starting initial bundles
Mar 24, 2025 5:52:44 AM org.apache.karaf.main.Main launch
INFO: All initial bundles installed and set to start
Mar 24, 2025 5:52:44 AM org.apache.karaf.main.Main$KarafLockCallback lockAcquired
INFO: Lock acquired. Setting startlevel to 100
Mar 24, 2025 9:35:57 PM org.apache.karaf.main.Main launch
INFO: Installing and starting initial bundles
Mar 24, 2025 9:35:58 PM org.apache.karaf.main.Main launch
INFO: All initial bundles installed and set to start
Mar 24, 2025 9:35:58 PM org.apache.karaf.main.Main$KarafLockCallback lockAcquired
INFO: Lock acquired. Setting startlevel to 100
Mar 25, 2025 1:07:32 PM org.apache.karaf.main.Main launch
INFO: Installing and starting initial bundles
Mar 25, 2025 1:07:33 PM org.apache.karaf.main.Main launch
INFO: All initial bundles installed and set to start
Mar 25, 2025 1:07:33 PM org.apache.karaf.main.Main$KarafLockCallback lockAcquired
INFO: Lock acquired. Setting startlevel to 100
Mar 25, 2025 8:28:28 PM org.apache.karaf.main.Main launch
INFO: Installing and starting initial bundles
Mar 25, 2025 8:28:29 PM org.apache.karaf.main.Main launch
INFO: All initial bundles installed and set to start
Mar 25, 2025 8:28:29 PM org.apache.karaf.main.Main$KarafLockCallback lockAcquired
INFO: Lock acquired. Setting startlevel to 100
Mar 26, 2025 12:38:44 PM org.apache.karaf.main.Main launch
INFO: Installing and starting initial bundles
Mar 26, 2025 12:38:44 PM org.apache.karaf.main.Main launch
INFO: All initial bundles installed and set to start
Mar 26, 2025 12:38:45 PM org.apache.karaf.main.Main$KarafLockCallback lockAcquired
INFO: Lock acquired. Setting startlevel to 100
Mar 26, 2025 5:53:47 PM org.apache.karaf.main.Main launch
INFO: Installing and starting initial bundles
Mar 26, 2025 5:53:48 PM org.apache.karaf.main.Main launch
INFO: All initial bundles installed and set to start
Mar 26, 2025 5:53:48 PM org.apache.karaf.main.Main$KarafLockCallback lockAcquired
INFO: Lock acquired. Setting startlevel to 100
