2025-03-06 00:00:00,006+0000 INFO  [quartz-9-thread-15]  *SYSTEM org.sonatype.nexus.quartz.internal.task.QuartzTaskInfo - Task 'Task log cleanup' [tasklog.cleanup] state change WAITING -> RUNNING
2025-03-06 00:00:00,014+0000 INFO  [quartz-9-thread-16]  *SYSTEM org.sonatype.nexus.quartz.internal.task.QuartzTaskInfo - Task 'Cleanup unused maven2 blobs from nexus' [assetBlob.cleanup] state change WAITING -> RUNNING
2025-03-06 00:00:00,019+0000 INFO  [quartz-9-thread-15]  *SYSTEM org.sonatype.nexus.tasklog.TaskLogCleanup - Cleaning up log files in /nexus-data/log/tasks older than 30 days
2025-03-06 00:00:00,022+0000 INFO  [quartz-9-thread-16]  *SYSTEM org.sonatype.nexus.quartz.internal.task.QuartzTaskInfo - Task 'Cleanup unused maven2 blobs from nexus' [assetBlob.cleanup] state change RUNNING -> WAITING (OK)
2025-03-06 00:00:00,024+0000 INFO  [quartz-9-thread-17]  *SYSTEM org.sonatype.nexus.quartz.internal.task.QuartzTaskInfo - Task 'Cleanup unused nuget blobs from nexus' [assetBlob.cleanup] state change WAITING -> RUNNING
2025-03-06 00:00:00,031+0000 INFO  [quartz-9-thread-17]  *SYSTEM org.sonatype.nexus.quartz.internal.task.QuartzTaskInfo - Task 'Cleanup unused nuget blobs from nexus' [assetBlob.cleanup] state change RUNNING -> WAITING (OK)
2025-03-06 00:00:00,033+0000 INFO  [quartz-9-thread-18]  *SYSTEM org.sonatype.nexus.quartz.internal.task.QuartzTaskInfo - Task 'Cleanup unused go blobs from nexus' [assetBlob.cleanup] state change WAITING -> RUNNING
2025-03-06 00:00:00,039+0000 INFO  [quartz-9-thread-18]  *SYSTEM org.sonatype.nexus.quartz.internal.task.QuartzTaskInfo - Task 'Cleanup unused go blobs from nexus' [assetBlob.cleanup] state change RUNNING -> WAITING (OK)
2025-03-06 00:00:00,040+0000 INFO  [quartz-9-thread-15]  *SYSTEM org.sonatype.nexus.tasklog.TaskLogCleanup - Removed task log file /nexus-data/log/tasks/repository.cleanup-20250203010000019.log
2025-03-06 00:00:00,041+0000 INFO  [quartz-9-thread-15]  *SYSTEM org.sonatype.nexus.quartz.internal.task.QuartzTaskInfo - Task 'Task log cleanup' [tasklog.cleanup] state change RUNNING -> WAITING (OK)
2025-03-06 00:00:00,041+0000 INFO  [quartz-9-thread-19]  *SYSTEM org.sonatype.nexus.quartz.internal.task.QuartzTaskInfo - Task 'Cleanup unused npm blobs from nexus' [assetBlob.cleanup] state change WAITING -> RUNNING
2025-03-06 00:00:00,051+0000 INFO  [quartz-9-thread-19]  *SYSTEM org.sonatype.nexus.quartz.internal.task.QuartzTaskInfo - Task 'Cleanup unused npm blobs from nexus' [assetBlob.cleanup] state change RUNNING -> WAITING (OK)
2025-03-06 00:01:00,006+0000 INFO  [quartz-9-thread-20]  *SYSTEM org.sonatype.nexus.quartz.internal.task.QuartzTaskInfo - Task 'Metric aggregation' [content.usage.aggregation] state change WAITING -> RUNNING
2025-03-06 00:01:00,033+0000 INFO  [quartz-9-thread-20]  *SYSTEM org.sonatype.nexus.quartz.internal.task.QuartzTaskInfo - Task 'Metric aggregation' [content.usage.aggregation] state change RUNNING -> WAITING (OK)
2025-03-06 00:30:00,005+0000 INFO  [quartz-9-thread-20]  *SYSTEM org.sonatype.nexus.quartz.internal.task.QuartzTaskInfo - Task 'Cleanup unused maven2 blobs from nexus' [assetBlob.cleanup] state change WAITING -> RUNNING
2025-03-06 00:30:00,010+0000 INFO  [quartz-9-thread-19]  *SYSTEM org.sonatype.nexus.quartz.internal.task.QuartzTaskInfo - Task 'Cleanup unused nuget blobs from nexus' [assetBlob.cleanup] state change WAITING -> RUNNING
2025-03-06 00:30:00,010+0000 INFO  [quartz-9-thread-20]  *SYSTEM org.sonatype.nexus.quartz.internal.task.QuartzTaskInfo - Task 'Cleanup unused maven2 blobs from nexus' [assetBlob.cleanup] state change RUNNING -> WAITING (OK)
2025-03-06 00:30:00,014+0000 INFO  [quartz-9-thread-15]  *SYSTEM org.sonatype.nexus.quartz.internal.task.QuartzTaskInfo - Task 'Cleanup unused go blobs from nexus' [assetBlob.cleanup] state change WAITING -> RUNNING
2025-03-06 00:30:00,016+0000 INFO  [quartz-9-thread-19]  *SYSTEM org.sonatype.nexus.quartz.internal.task.QuartzTaskInfo - Task 'Cleanup unused nuget blobs from nexus' [assetBlob.cleanup] state change RUNNING -> WAITING (OK)
2025-03-06 00:30:00,019+0000 INFO  [quartz-9-thread-20]  *SYSTEM org.sonatype.nexus.quartz.internal.task.QuartzTaskInfo - Task 'Cleanup unused npm blobs from nexus' [assetBlob.cleanup] state change WAITING -> RUNNING
2025-03-06 00:30:00,019+0000 INFO  [quartz-9-thread-15]  *SYSTEM org.sonatype.nexus.quartz.internal.task.QuartzTaskInfo - Task 'Cleanup unused go blobs from nexus' [assetBlob.cleanup] state change RUNNING -> WAITING (OK)
2025-03-06 00:30:00,029+0000 INFO  [quartz-9-thread-20]  *SYSTEM org.sonatype.nexus.quartz.internal.task.QuartzTaskInfo - Task 'Cleanup unused npm blobs from nexus' [assetBlob.cleanup] state change RUNNING -> WAITING (OK)
2025-03-06 01:00:00,006+0000 INFO  [quartz-9-thread-20]  *SYSTEM org.sonatype.nexus.quartz.internal.task.QuartzTaskInfo - Task 'Cleanup service' [repository.cleanup] state change WAITING -> RUNNING
2025-03-06 01:00:00,013+0000 INFO  [quartz-9-thread-15]  *SYSTEM org.sonatype.nexus.quartz.internal.task.QuartzTaskInfo - Task 'Cleanup unused maven2 blobs from nexus' [assetBlob.cleanup] state change WAITING -> RUNNING
2025-03-06 01:00:00,019+0000 INFO  [quartz-9-thread-19]  *SYSTEM org.sonatype.nexus.quartz.internal.task.QuartzTaskInfo - Task 'Cleanup unused nuget blobs from nexus' [assetBlob.cleanup] state change WAITING -> RUNNING
2025-03-06 01:00:00,021+0000 INFO  [quartz-9-thread-15]  *SYSTEM org.sonatype.nexus.quartz.internal.task.QuartzTaskInfo - Task 'Cleanup unused maven2 blobs from nexus' [assetBlob.cleanup] state change RUNNING -> WAITING (OK)
2025-03-06 01:00:00,025+0000 INFO  [quartz-9-thread-20]  *SYSTEM org.sonatype.nexus.cleanup.internal.task.CleanupTask - Task log: /nexus-data/log/tasks/repository.cleanup-20250306010000018.log
2025-03-06 01:00:00,026+0000 INFO  [quartz-9-thread-18]  *SYSTEM org.sonatype.nexus.quartz.internal.task.QuartzTaskInfo - Task 'Cleanup unused go blobs from nexus' [assetBlob.cleanup] state change WAITING -> RUNNING
2025-03-06 01:00:00,028+0000 INFO  [quartz-9-thread-19]  *SYSTEM org.sonatype.nexus.quartz.internal.task.QuartzTaskInfo - Task 'Cleanup unused nuget blobs from nexus' [assetBlob.cleanup] state change RUNNING -> WAITING (OK)
2025-03-06 01:00:00,033+0000 INFO  [quartz-9-thread-15]  *SYSTEM org.sonatype.nexus.quartz.internal.task.QuartzTaskInfo - Task 'Cleanup unused npm blobs from nexus' [assetBlob.cleanup] state change WAITING -> RUNNING
2025-03-06 01:00:00,033+0000 INFO  [quartz-9-thread-18]  *SYSTEM org.sonatype.nexus.quartz.internal.task.QuartzTaskInfo - Task 'Cleanup unused go blobs from nexus' [assetBlob.cleanup] state change RUNNING -> WAITING (OK)
2025-03-06 01:00:00,034+0000 INFO  [quartz-9-thread-20]  *SYSTEM org.sonatype.nexus.quartz.internal.task.QuartzTaskInfo - Task 'Cleanup service' [repository.cleanup] state change RUNNING -> WAITING (OK)
2025-03-06 01:00:00,040+0000 INFO  [quartz-9-thread-15]  *SYSTEM org.sonatype.nexus.quartz.internal.task.QuartzTaskInfo - Task 'Cleanup unused npm blobs from nexus' [assetBlob.cleanup] state change RUNNING -> WAITING (OK)
2025-03-06 01:01:00,005+0000 INFO  [quartz-9-thread-15]  *SYSTEM org.sonatype.nexus.quartz.internal.task.QuartzTaskInfo - Task 'Metric aggregation' [content.usage.aggregation] state change WAITING -> RUNNING
2025-03-06 01:01:00,029+0000 INFO  [quartz-9-thread-15]  *SYSTEM org.sonatype.nexus.quartz.internal.task.QuartzTaskInfo - Task 'Metric aggregation' [content.usage.aggregation] state change RUNNING -> WAITING (OK)
2025-03-06 01:12:17,945+0000 INFO  [qtp594886491-114]  *UNKNOWN org.apache.shiro.session.mgt.AbstractValidatingSessionManager - Enabling session validation scheduler...
2025-03-06 01:12:17,990+0000 INFO  [qtp594886491-117]  *UNKNOWN org.sonatype.nexus.internal.security.anonymous.AnonymousManagerImpl - Loaded configuration: AnonymousConfigurationData{enabled=true, userId='anonymous', realmName='NexusAuthorizingRealm'}
2025-03-06 01:30:00,006+0000 INFO  [quartz-9-thread-15]  *SYSTEM org.sonatype.nexus.quartz.internal.task.QuartzTaskInfo - Task 'Cleanup unused maven2 blobs from nexus' [assetBlob.cleanup] state change WAITING -> RUNNING
2025-03-06 01:30:00,012+0000 INFO  [quartz-9-thread-20]  *SYSTEM org.sonatype.nexus.quartz.internal.task.QuartzTaskInfo - Task 'Cleanup unused nuget blobs from nexus' [assetBlob.cleanup] state change WAITING -> RUNNING
2025-03-06 01:30:00,012+0000 INFO  [quartz-9-thread-15]  *SYSTEM org.sonatype.nexus.quartz.internal.task.QuartzTaskInfo - Task 'Cleanup unused maven2 blobs from nexus' [assetBlob.cleanup] state change RUNNING -> WAITING (OK)
2025-03-06 01:30:00,017+0000 INFO  [quartz-9-thread-20]  *SYSTEM org.sonatype.nexus.quartz.internal.task.QuartzTaskInfo - Task 'Cleanup unused nuget blobs from nexus' [assetBlob.cleanup] state change RUNNING -> WAITING (OK)
2025-03-06 01:30:00,018+0000 INFO  [quartz-9-thread-18]  *SYSTEM org.sonatype.nexus.quartz.internal.task.QuartzTaskInfo - Task 'Cleanup unused go blobs from nexus' [assetBlob.cleanup] state change WAITING -> RUNNING
2025-03-06 01:30:00,023+0000 INFO  [quartz-9-thread-18]  *SYSTEM org.sonatype.nexus.quartz.internal.task.QuartzTaskInfo - Task 'Cleanup unused go blobs from nexus' [assetBlob.cleanup] state change RUNNING -> WAITING (OK)
2025-03-06 01:30:00,024+0000 INFO  [quartz-9-thread-20]  *SYSTEM org.sonatype.nexus.quartz.internal.task.QuartzTaskInfo - Task 'Cleanup unused npm blobs from nexus' [assetBlob.cleanup] state change WAITING -> RUNNING
2025-03-06 01:30:00,037+0000 INFO  [quartz-9-thread-20]  *SYSTEM org.sonatype.nexus.quartz.internal.task.QuartzTaskInfo - Task 'Cleanup unused npm blobs from nexus' [assetBlob.cleanup] state change RUNNING -> WAITING (OK)
2025-03-06 02:00:00,005+0000 INFO  [quartz-9-thread-20]  *SYSTEM org.sonatype.nexus.quartz.internal.task.QuartzTaskInfo - Task 'Cleanup unused maven2 blobs from nexus' [assetBlob.cleanup] state change WAITING -> RUNNING
2025-03-06 02:00:00,009+0000 INFO  [quartz-9-thread-18]  *SYSTEM org.sonatype.nexus.quartz.internal.task.QuartzTaskInfo - Task 'Cleanup unused nuget blobs from nexus' [assetBlob.cleanup] state change WAITING -> RUNNING
2025-03-06 02:00:00,013+0000 INFO  [quartz-9-thread-20]  *SYSTEM org.sonatype.nexus.quartz.internal.task.QuartzTaskInfo - Task 'Cleanup unused maven2 blobs from nexus' [assetBlob.cleanup] state change RUNNING -> WAITING (OK)
2025-03-06 02:00:00,016+0000 INFO  [quartz-9-thread-15]  *SYSTEM org.sonatype.nexus.quartz.internal.task.QuartzTaskInfo - Task 'Cleanup unused go blobs from nexus' [assetBlob.cleanup] state change WAITING -> RUNNING
2025-03-06 02:00:00,017+0000 INFO  [quartz-9-thread-18]  *SYSTEM org.sonatype.nexus.quartz.internal.task.QuartzTaskInfo - Task 'Cleanup unused nuget blobs from nexus' [assetBlob.cleanup] state change RUNNING -> WAITING (OK)
2025-03-06 02:00:00,023+0000 INFO  [quartz-9-thread-15]  *SYSTEM org.sonatype.nexus.quartz.internal.task.QuartzTaskInfo - Task 'Cleanup unused go blobs from nexus' [assetBlob.cleanup] state change RUNNING -> WAITING (OK)
2025-03-06 02:00:00,023+0000 INFO  [quartz-9-thread-20]  *SYSTEM org.sonatype.nexus.quartz.internal.task.QuartzTaskInfo - Task 'Cleanup unused npm blobs from nexus' [assetBlob.cleanup] state change WAITING -> RUNNING
2025-03-06 02:00:00,034+0000 INFO  [quartz-9-thread-20]  *SYSTEM org.sonatype.nexus.quartz.internal.task.QuartzTaskInfo - Task 'Cleanup unused npm blobs from nexus' [assetBlob.cleanup] state change RUNNING -> WAITING (OK)
2025-03-06 02:01:00,005+0000 INFO  [quartz-9-thread-20]  *SYSTEM org.sonatype.nexus.quartz.internal.task.QuartzTaskInfo - Task 'Metric aggregation' [content.usage.aggregation] state change WAITING -> RUNNING
2025-03-06 02:01:00,030+0000 INFO  [quartz-9-thread-20]  *SYSTEM org.sonatype.nexus.quartz.internal.task.QuartzTaskInfo - Task 'Metric aggregation' [content.usage.aggregation] state change RUNNING -> WAITING (OK)
2025-03-06 02:12:17,948+0000 INFO  [SessionValidationThread-1]  *UNKNOWN org.apache.shiro.session.mgt.AbstractValidatingSessionManager - Validating all active sessions...
2025-03-06 02:12:17,949+0000 INFO  [SessionValidationThread-1]  *UNKNOWN org.ehcache.jsr107.ConfigurationMerger - Configuration of cache shiro-activeSessionCache will be supplemented by template nexus-default
2025-03-06 02:12:17,955+0000 INFO  [SessionValidationThread-1]  *UNKNOWN org.ehcache.core.EhcacheManager - Cache 'shiro-activeSessionCache' created in EhcacheManager.
2025-03-06 02:12:17,956+0000 INFO  [SessionValidationThread-1]  *UNKNOWN org.ehcache.jsr107.Eh107CacheManager - Registering Ehcache MBean javax.cache:type=CacheConfiguration,CacheManager=file./opt/sonatype/nexus/etc/fabric/ehcache.xml,Cache=shiro-activeSessionCache
2025-03-06 02:12:17,956+0000 INFO  [SessionValidationThread-1]  *UNKNOWN org.ehcache.jsr107.Eh107CacheManager - Registering Ehcache MBean javax.cache:type=CacheStatistics,CacheManager=file./opt/sonatype/nexus/etc/fabric/ehcache.xml,Cache=shiro-activeSessionCache
2025-03-06 02:12:17,962+0000 INFO  [SessionValidationThread-1]  *UNKNOWN org.apache.shiro.session.mgt.AbstractValidatingSessionManager - Finished session validation.  No sessions were stopped.
