[05/Mar/2025:01:20:26 +0000] - "GET https://registry.npmjs.org/@angular%2Fcommon HTTP/1.1" 200 -1 969 "Nexus/3.76.1-01 (OSS; Linux; 6.8.0-52-generic; amd64; 17.0.14)" [qtp1058432370-118]
[05/Mar/2025:01:20:29 +0000] - "GET https://registry.npmjs.org/@angular%2Fcore HTTP/1.1" 200 -1 125 "Nexus/3.76.1-01 (OSS; Linux; 6.8.0-52-generic; amd64; 17.0.14)" [qtp1058432370-122]
[05/Mar/2025:01:20:44 +0000] - "GET https://clm.sonatype.com/user-telemetry-rm.js HTTP/1.1" 200 -1 966 "Nexus/3.76.1-01 (OSS; Linux; 6.8.0-52-generic; amd64; 17.0.14)" [qtp1058432370-121]
[05/Mar/2025:01:20:46 +0000] - "GET https://clm.sonatype.com/rest/environment/stats HTTP/1.1" 200 81 541 "Nexus/3.76.1-01 (OSS; Linux; 6.8.0-52-generic; amd64; 17.0.14)" [qtp1058432370-116]
[05/Mar/2025:01:20:46 +0000] - "HEAD https://links.sonatype.com/products/nexus/outreach/oss/3.76.1-01/es/anonymous HTTP/1.1" 302 0 630 "Nexus/3.76.1-01 (OSS; Linux; 6.8.0-52-generic; amd64; 17.0.14)" [pool-6-thread-1]
[05/Mar/2025:01:20:46 +0000] - "GET https://clm.sonatype.com/user-telemetry/v1/rte/v1/configuration/AP-YFGMCGUNNIFB-2 HTTP/1.1" 200 2138 229 "Nexus/3.76.1-01 (OSS; Linux; 6.8.0-52-generic; amd64; 17.0.14)" [qtp1058432370-115]
[05/Mar/2025:01:20:47 +0000] - "POST https://clm.sonatype.com/user-telemetry/v1/rte/v2/command?p=AP-YFGMCGUNNIFB-2&et=identify HTTP/1.1" 200 69 315 "Nexus/3.76.1-01 (OSS; Linux; 6.8.0-52-generic; amd64; 17.0.14)" [qtp1058432370-121]
[05/Mar/2025:01:20:47 +0000] - "POST https://clm.sonatype.com/user-telemetry/v1/rte/v2/command?p=AP-YFGMCGUNNIFB-2&et=sessionInitialized HTTP/1.1" 200 73 317 "Nexus/3.76.1-01 (OSS; Linux; 6.8.0-52-generic; amd64; 17.0.14)" [qtp1058432370-115]
[05/Mar/2025:01:20:47 +0000] - "GET https://clm.sonatype.com/user-telemetry/v1/rte/api/v1/feature/client?p=AP-YFGMCGUNNIFB-2&sv=0.53.0&v=AP-YFGMCGUNNIFB-2-1741137646901-83341347&ai=AP-YFGMCGUNNIFB-2-1741137646901-83341347&vt=0&s=AP-YFGMCGUNNIFB-2-1741137646902-32978577&wsv=0.53.0&cb=1741137646907-1911 HTTP/1.1" 200 40845 326 "Nexus/3.76.1-01 (OSS; Linux; 6.8.0-52-generic; amd64; 17.0.14)" [qtp1058432370-118]
[05/Mar/2025:01:20:47 +0000] - "HEAD https://download.sonatype.com/nexus/outreach/oss-en-all-anonymous.zip HTTP/1.1" 302 0 777 "Nexus/3.76.1-01 (OSS; Linux; 6.8.0-52-generic; amd64; 17.0.14)" [pool-6-thread-1]
[05/Mar/2025:01:20:47 +0000] - "POST https://clm.sonatype.com/user-telemetry/v1/rte/v2/command?p=AP-YFGMCGUNNIFB-2&et=sessionInitialized HTTP/1.1" 200 69 226 "Nexus/3.76.1-01 (OSS; Linux; 6.8.0-52-generic; amd64; 17.0.14)" [qtp1058432370-794]
[05/Mar/2025:01:20:47 +0000] - "POST https://clm.sonatype.com/user-telemetry/v1/rte/v2/command?p=AP-YFGMCGUNNIFB-2&et=pageview HTTP/1.1" 200 73 576 "Nexus/3.76.1-01 (OSS; Linux; 6.8.0-52-generic; amd64; 17.0.14)" [qtp1058432370-117]
[05/Mar/2025:01:20:47 +0000] - "GET https://clm.sonatype.com/user-telemetry/v1/style.css?a=AP-YFGMCGUNNIFB-2 HTTP/1.1" 200 52896 643 "Nexus/3.76.1-01 (OSS; Linux; 6.8.0-52-generic; amd64; 17.0.14)" [qtp1058432370-116]
[05/Mar/2025:01:20:47 +0000] - "GET https://clm.sonatype.com/user-telemetry/v1/rte/v2/kc?s=AP-YFGMCGUNNIFB-2-1741137647260-73671568&p=AP-YFGMCGUNNIFB-2 HTTP/1.1" 200 0 229 "Nexus/3.76.1-01 (OSS; Linux; 6.8.0-52-generic; amd64; 17.0.14)" [qtp1058432370-115]
[05/Mar/2025:01:20:48 +0000] - "GET https://clm.sonatype.com/user-telemetry/v1/rte/v2/kc?s=AP-YFGMCGUNNIFB-2-1741137647260-73671568&p=AP-YFGMCGUNNIFB-2 HTTP/1.1" 200 0 496 "Nexus/3.76.1-01 (OSS; Linux; 6.8.0-52-generic; amd64; 17.0.14)" [qtp1058432370-120]
[05/Mar/2025:01:20:48 +0000] - "HEAD https://sonatype-download.global.ssl.fastly.net/nexus/outreach/oss-en-all-anonymous.zip HTTP/1.1" 302 0 783 "Nexus/3.76.1-01 (OSS; Linux; 6.8.0-52-generic; amd64; 17.0.14)" [pool-6-thread-1]
[05/Mar/2025:01:20:48 +0000] - "GET https://clm.sonatype.com/user-telemetry/v1/rte/v2/kc?s=AP-YFGMCGUNNIFB-2-1741137647260-73671568&p=AP-YFGMCGUNNIFB-2 HTTP/1.1" 200 0 272 "Nexus/3.76.1-01 (OSS; Linux; 6.8.0-52-generic; amd64; 17.0.14)" [qtp1058432370-117]
[05/Mar/2025:01:20:48 +0000] - "GET https://clm.sonatype.com/user-telemetry/v1/rte/v1/inapp?p=AP-YFGMCGUNNIFB-2&sv=0.53.0&v=AP-YFGMCGUNNIFB-2-1741137647261-55441896&ai=6b933aba-006b-4c12-b4b5-a0ddc2adfcf4&vt=2&s=AP-YFGMCGUNNIFB-2-1741137646902-32978577&sc=https%3A%2F%2F&ho=obfuscated-rm-base.example.com&pa=%2F&q=&ha=&u=obfuscated-rm-base.example.com%2F&gcx=%7B%22rm_serverVersion%22%3A%223.76.1-01%22%7D&cb=1741137648408-5287 HTTP/1.1" 200 0 230 "Nexus/3.76.1-01 (OSS; Linux; 6.8.0-52-generic; amd64; 17.0.14)" [qtp1058432370-115]
[05/Mar/2025:01:20:49 +0000] - "HEAD https://sonatype-download.global.ssl.fastly.net/repository/downloads-prod-group/outreach/A/oss-en-all-anonymous.zip HTTP/1.1" 200 0 1082 "Nexus/3.76.1-01 (OSS; Linux; 6.8.0-52-generic; amd64; 17.0.14)" [pool-6-thread-1]
[05/Mar/2025:01:20:49 +0000] - "GET https://links.sonatype.com/products/nexus/outreach/oss/3.76.1-01/es/anonymous HTTP/1.1" 302 -1 122 "Nexus/3.76.1-01 (OSS; Linux; 6.8.0-52-generic; amd64; 17.0.14)" [pool-6-thread-1]
[05/Mar/2025:01:20:49 +0000] - "GET https://download.sonatype.com/nexus/outreach/oss-en-all-anonymous.zip HTTP/1.1" 302 138 143 "Nexus/3.76.1-01 (OSS; Linux; 6.8.0-52-generic; amd64; 17.0.14)" [pool-6-thread-1]
[05/Mar/2025:01:20:49 +0000] - "GET https://sonatype-download.global.ssl.fastly.net/nexus/outreach/oss-en-all-anonymous.zip HTTP/1.1" 302 138 46 "Nexus/3.76.1-01 (OSS; Linux; 6.8.0-52-generic; amd64; 17.0.14)" [pool-6-thread-1]
[05/Mar/2025:01:20:49 +0000] - "GET https://sonatype-download.global.ssl.fastly.net/repository/downloads-prod-group/outreach/A/oss-en-all-anonymous.zip HTTP/1.1" 200 365192 37 "Nexus/3.76.1-01 (OSS; Linux; 6.8.0-52-generic; amd64; 17.0.14)" [pool-6-thread-1]
[05/Mar/2025:01:20:50 +0000] - "GET https://clm.sonatype.com/user-telemetry/v1/rte/v2/kc?s=AP-YFGMCGUNNIFB-2-1741137647260-73671568&p=AP-YFGMCGUNNIFB-2 HTTP/1.1" 200 0 493 "Nexus/3.76.1-01 (OSS; Linux; 6.8.0-52-generic; amd64; 17.0.14)" [qtp1058432370-117]
[05/Mar/2025:01:20:54 +0000] - "POST https://clm.sonatype.com/user-telemetry/v1/rte/v2/command?p=AP-YFGMCGUNNIFB-2&et=click HTTP/1.1" 200 69 261 "Nexus/3.76.1-01 (OSS; Linux; 6.8.0-52-generic; amd64; 17.0.14)" [qtp1058432370-116]
[05/Mar/2025:01:20:54 +0000] - "POST https://clm.sonatype.com/user-telemetry/v1/rte/v2/command?p=AP-YFGMCGUNNIFB-2&et=pageview HTTP/1.1" 200 69 255 "Nexus/3.76.1-01 (OSS; Linux; 6.8.0-52-generic; amd64; 17.0.14)" [qtp1058432370-121]
[05/Mar/2025:01:20:55 +0000] - "GET https://clm.sonatype.com/user-telemetry/v1/rte/v1/inapp?p=AP-YFGMCGUNNIFB-2&sv=0.53.0&v=AP-YFGMCGUNNIFB-2-1741137647261-55441896&ai=6b933aba-006b-4c12-b4b5-a0ddc2adfcf4&vt=2&s=AP-YFGMCGUNNIFB-2-1741137647260-73671568&sc=https%3A%2F%2F&ho=obfuscated-rm-base.example.com&pa=%2F&q=&ha=&u=obfuscated-rm-base.example.com%2F&gcx=%7B%22rm_serverVersion%22%3A%223.76.1-01%22%7D&cb=1741137654870-8613 HTTP/1.1" 200 0 329 "Nexus/3.76.1-01 (OSS; Linux; 6.8.0-52-generic; amd64; 17.0.14)" [qtp1058432370-115]
[05/Mar/2025:01:21:00 +0000] - "HEAD https://links.sonatype.com/products/nexus/outreach/oss/3.76.1-01/es/admin HTTP/1.1" 302 0 128 "Nexus/3.76.1-01 (OSS; Linux; 6.8.0-52-generic; amd64; 17.0.14)" [pool-6-thread-3]
[05/Mar/2025:01:21:00 +0000] - "HEAD https://download.sonatype.com/nexus/outreach/oss-en-all-admin.zip HTTP/1.1" 302 0 204 "Nexus/3.76.1-01 (OSS; Linux; 6.8.0-52-generic; amd64; 17.0.14)" [pool-6-thread-3]
[05/Mar/2025:01:21:00 +0000] - "POST https://clm.sonatype.com/user-telemetry/v1/rte/v2/command?p=AP-YFGMCGUNNIFB-2&et=identify HTTP/1.1" 200 69 414 "Nexus/3.76.1-01 (OSS; Linux; 6.8.0-52-generic; amd64; 17.0.14)" [qtp1058432370-796]
[05/Mar/2025:01:21:00 +0000] - "POST https://clm.sonatype.com/user-telemetry/v1/rte/v2/command?p=AP-YFGMCGUNNIFB-2&et=sessionInitialized HTTP/1.1" 200 69 308 "Nexus/3.76.1-01 (OSS; Linux; 6.8.0-52-generic; amd64; 17.0.14)" [qtp1058432370-795]
[05/Mar/2025:01:21:00 +0000] - "HEAD https://sonatype-download.global.ssl.fastly.net/nexus/outreach/oss-en-all-admin.zip HTTP/1.1" 302 0 593 "Nexus/3.76.1-01 (OSS; Linux; 6.8.0-52-generic; amd64; 17.0.14)" [pool-6-thread-3]
[05/Mar/2025:01:21:00 +0000] - "GET https://rhc.sonatype.com/rest/rhc/extras/maliciousContent/4f0fdef4-f5df582f-9711b989-ad308704-70c1e777 HTTP/1.1" 200 86 983 "Nexus/3.76.1-01 (OSS; Linux; 6.8.0-52-generic; amd64; 17.0.14)" [qtp1058432370-115]
[05/Mar/2025:01:21:01 +0000] - "GET https://clm.sonatype.com/user-telemetry/v1/rte/v2/kc?s=AP-YFGMCGUNNIFB-2-1741137660542-13634896&p=AP-YFGMCGUNNIFB-2 HTTP/1.1" 200 0 242 "Nexus/3.76.1-01 (OSS; Linux; 6.8.0-52-generic; amd64; 17.0.14)" [qtp1058432370-794]
[05/Mar/2025:01:21:01 +0000] - "GET https://clm.sonatype.com/user-telemetry/v1/rte/v1/inapp?p=AP-YFGMCGUNNIFB-2&sv=0.53.0&v=AP-YFGMCGUNNIFB-2-1741137660543-32569397&ai=a2e3917a-4f22-4c24-8671-436b74b600a2&vt=2&s=AP-YFGMCGUNNIFB-2-1741137647260-73671568&sc=https%3A%2F%2F&ho=obfuscated-rm-base.example.com&pa=%2F&q=&ha=&u=obfuscated-rm-base.example.com%2F&gcx=%7B%22rm_serverVersion%22%3A%223.76.1-01%22%7D&cb=1741137660876-4242 HTTP/1.1" 200 0 495 "Nexus/3.76.1-01 (OSS; Linux; 6.8.0-52-generic; amd64; 17.0.14)" [qtp1058432370-796]
[05/Mar/2025:01:21:01 +0000] - "GET https://clm.sonatype.com/user-telemetry/v1/rte/v2/kc?s=AP-YFGMCGUNNIFB-2-1741137660542-13634896&p=AP-YFGMCGUNNIFB-2 HTTP/1.1" 200 0 273 "Nexus/3.76.1-01 (OSS; Linux; 6.8.0-52-generic; amd64; 17.0.14)" [qtp1058432370-121]
[05/Mar/2025:01:21:02 +0000] - "HEAD https://sonatype-download.global.ssl.fastly.net/repository/downloads-prod-group/outreach/A/oss-en-all-admin.zip HTTP/1.1" 200 0 1455 "Nexus/3.76.1-01 (OSS; Linux; 6.8.0-52-generic; amd64; 17.0.14)" [pool-6-thread-3]
[05/Mar/2025:01:21:02 +0000] - "GET https://links.sonatype.com/products/nexus/outreach/oss/3.76.1-01/es/admin HTTP/1.1" 302 -1 201 "Nexus/3.76.1-01 (OSS; Linux; 6.8.0-52-generic; amd64; 17.0.14)" [pool-6-thread-3]
[05/Mar/2025:01:21:02 +0000] - "GET https://download.sonatype.com/nexus/outreach/oss-en-all-admin.zip HTTP/1.1" 302 138 200 "Nexus/3.76.1-01 (OSS; Linux; 6.8.0-52-generic; amd64; 17.0.14)" [pool-6-thread-3]
[05/Mar/2025:01:21:02 +0000] - "GET https://sonatype-download.global.ssl.fastly.net/nexus/outreach/oss-en-all-admin.zip HTTP/1.1" 302 138 177 "Nexus/3.76.1-01 (OSS; Linux; 6.8.0-52-generic; amd64; 17.0.14)" [pool-6-thread-3]
[05/Mar/2025:01:21:03 +0000] - "GET https://sonatype-download.global.ssl.fastly.net/repository/downloads-prod-group/outreach/A/oss-en-all-admin.zip HTTP/1.1" 200 365192 146 "Nexus/3.76.1-01 (OSS; Linux; 6.8.0-52-generic; amd64; 17.0.14)" [pool-6-thread-3]
[05/Mar/2025:01:21:03 +0000] - "HEAD https://links.sonatype.com/products/nexus/outreach/oss/3.76.1-01/es/admin HTTP/1.1" 302 0 223 "Nexus/3.76.1-01 (OSS; Linux; 6.8.0-52-generic; amd64; 17.0.14)" [pool-6-thread-5]
[05/Mar/2025:01:21:03 +0000] - "GET https://clm.sonatype.com/user-telemetry/v1/rte/v2/kc?s=AP-YFGMCGUNNIFB-2-1741137660542-13634896&p=AP-YFGMCGUNNIFB-2 HTTP/1.1" 200 0 295 "Nexus/3.76.1-01 (OSS; Linux; 6.8.0-52-generic; amd64; 17.0.14)" [qtp1058432370-794]
[05/Mar/2025:01:21:03 +0000] - "HEAD https://download.sonatype.com/nexus/outreach/oss-en-all-admin.zip HTTP/1.1" 302 0 201 "Nexus/3.76.1-01 (OSS; Linux; 6.8.0-52-generic; amd64; 17.0.14)" [pool-6-thread-5]
[05/Mar/2025:01:21:03 +0000] - "HEAD https://sonatype-download.global.ssl.fastly.net/nexus/outreach/oss-en-all-admin.zip HTTP/1.1" 302 0 202 "Nexus/3.76.1-01 (OSS; Linux; 6.8.0-52-generic; amd64; 17.0.14)" [pool-6-thread-5]
[05/Mar/2025:01:21:04 +0000] - "HEAD https://sonatype-download.global.ssl.fastly.net/repository/downloads-prod-group/outreach/A/oss-en-all-admin.zip HTTP/1.1" 200 0 203 "Nexus/3.76.1-01 (OSS; Linux; 6.8.0-52-generic; amd64; 17.0.14)" [pool-6-thread-5]
[05/Mar/2025:01:21:13 +0000] - "POST https://clm.sonatype.com/user-telemetry/v1/rte/v2/command?p=AP-YFGMCGUNNIFB-2&et=click HTTP/1.1" 200 69 242 "Nexus/3.76.1-01 (OSS; Linux; 6.8.0-52-generic; amd64; 17.0.14)" [qtp1058432370-116]
[05/Mar/2025:01:21:32 +0000] - "POST https://clm.sonatype.com/user-telemetry/v1/rte/v2/command?p=AP-YFGMCGUNNIFB-2&et=pageview HTTP/1.1" 200 69 729 "Nexus/3.76.1-01 (OSS; Linux; 6.8.0-52-generic; amd64; 17.0.14)" [qtp1058432370-116]
[05/Mar/2025:01:21:32 +0000] - "POST https://clm.sonatype.com/user-telemetry/v1/rte/v2/command?p=AP-YFGMCGUNNIFB-2&et=pageview HTTP/1.1" 200 69 932 "Nexus/3.76.1-01 (OSS; Linux; 6.8.0-52-generic; amd64; 17.0.14)" [qtp1058432370-117]
[05/Mar/2025:01:21:32 +0000] - "GET https://clm.sonatype.com/user-telemetry/v1/rte/v1/inapp?p=AP-YFGMCGUNNIFB-2&sv=0.53.0&v=AP-YFGMCGUNNIFB-2-1741137660543-32569397&ai=a2e3917a-4f22-4c24-8671-436b74b600a2&vt=2&s=AP-YFGMCGUNNIFB-2-1741137660542-13634896&sc=https%3A%2F%2F&ho=obfuscated-rm-base.example.com&pa=%2F&q=&ha=%23browse%2Fwelcome&u=obfuscated-rm-base.example.com%2F%23browse%2Fwelcome&gcx=%7B%22rm_serverVersion%22%3A%223.76.1-01%22%7D&cb=1741137691976-3746 HTTP/1.1" 200 0 455 "Nexus/3.76.1-01 (OSS; Linux; 6.8.0-52-generic; amd64; 17.0.14)" [qtp1058432370-796]
[05/Mar/2025:01:21:33 +0000] - "POST https://clm.sonatype.com/user-telemetry/v1/rte/v2/command?p=AP-YFGMCGUNNIFB-2&et=click HTTP/1.1" 200 69 240 "Nexus/3.76.1-01 (OSS; Linux; 6.8.0-52-generic; amd64; 17.0.14)" [qtp1058432370-115]
[05/Mar/2025:01:21:33 +0000] - "POST https://clm.sonatype.com/user-telemetry/v1/rte/v2/command?p=AP-YFGMCGUNNIFB-2&et=pageview HTTP/1.1" 200 69 220 "Nexus/3.76.1-01 (OSS; Linux; 6.8.0-52-generic; amd64; 17.0.14)" [qtp1058432370-122]
[05/Mar/2025:01:21:34 +0000] - "GET https://clm.sonatype.com/user-telemetry/v1/rte/v1/inapp?p=AP-YFGMCGUNNIFB-2&sv=0.53.0&v=AP-YFGMCGUNNIFB-2-1741137660543-32569397&ai=a2e3917a-4f22-4c24-8671-436b74b600a2&vt=2&s=AP-YFGMCGUNNIFB-2-1741137660542-13634896&sc=https%3A%2F%2F&ho=obfuscated-rm-base.example.com&pa=%2F&q=&ha=%23browse%2Fbrowse&u=obfuscated-rm-base.example.com%2F%23browse%2Fbrowse&gcx=%7B%22rm_serverVersion%22%3A%223.76.1-01%22%7D&cb=1741137693610-6727 HTTP/1.1" 200 0 518 "Nexus/3.76.1-01 (OSS; Linux; 6.8.0-52-generic; amd64; 17.0.14)" [qtp1058432370-116]
[05/Mar/2025:01:21:35 +0000] - "POST https://clm.sonatype.com/user-telemetry/v1/rte/v2/command?p=AP-YFGMCGUNNIFB-2&et=click HTTP/1.1" 200 69 454 "Nexus/3.76.1-01 (OSS; Linux; 6.8.0-52-generic; amd64; 17.0.14)" [qtp1058432370-116]
[05/Mar/2025:01:21:35 +0000] - "POST https://clm.sonatype.com/user-telemetry/v1/rte/v2/command?p=AP-YFGMCGUNNIFB-2&et=pageview HTTP/1.1" 200 69 549 "Nexus/3.76.1-01 (OSS; Linux; 6.8.0-52-generic; amd64; 17.0.14)" [qtp1058432370-122]
[05/Mar/2025:01:21:36 +0000] - "GET https://clm.sonatype.com/user-telemetry/v1/rte/v1/inapp?p=AP-YFGMCGUNNIFB-2&sv=0.53.0&v=AP-YFGMCGUNNIFB-2-1741137660543-32569397&ai=a2e3917a-4f22-4c24-8671-436b74b600a2&vt=2&s=AP-YFGMCGUNNIFB-2-1741137660542-13634896&sc=https%3A%2F%2F&ho=obfuscated-rm-base.example.com&pa=%2F&q=&ha=%23browse%2Fbrowse%3Anpm-proxy&u=obfuscated-rm-base.example.com%2F%23browse%2Fbrowse%3Anpm-proxy&gcx=%7B%22rm_serverVersion%22%3A%223.76.1-01%22%7D&cb=1741137696126-3829 HTTP/1.1" 200 0 234 "Nexus/3.76.1-01 (OSS; Linux; 6.8.0-52-generic; amd64; 17.0.14)" [qtp1058432370-115]
[05/Mar/2025:01:21:56 +0000] - "POST https://clm.sonatype.com/user-telemetry/v1/rte/v2/command?p=AP-YFGMCGUNNIFB-2&et=pageview HTTP/1.1" 200 69 500 "Nexus/3.76.1-01 (OSS; Linux; 6.8.0-52-generic; amd64; 17.0.14)" [qtp1058432370-122]
[05/Mar/2025:01:21:57 +0000] - "GET https://clm.sonatype.com/user-telemetry/v1/rte/v1/inapp?p=AP-YFGMCGUNNIFB-2&sv=0.53.0&v=AP-YFGMCGUNNIFB-2-1741137660543-32569397&ai=a2e3917a-4f22-4c24-8671-436b74b600a2&vt=2&s=AP-YFGMCGUNNIFB-2-1741137660542-13634896&sc=https%3A%2F%2F&ho=obfuscated-rm-base.example.com&pa=%2F&q=&ha=%23browse%2Fbrowse&u=obfuscated-rm-base.example.com%2F%23browse%2Fbrowse&gcx=%7B%22rm_serverVersion%22%3A%223.76.1-01%22%7D&cb=1741137717088-8445 HTTP/1.1" 200 0 572 "Nexus/3.76.1-01 (OSS; Linux; 6.8.0-52-generic; amd64; 17.0.14)" [qtp1058432370-796]
[05/Mar/2025:01:22:24 +0000] - "POST https://clm.sonatype.com/user-telemetry/v1/rte/v2/command?p=AP-YFGMCGUNNIFB-2&et=click HTTP/1.1" 200 69 662 "Nexus/3.76.1-01 (OSS; Linux; 6.8.0-52-generic; amd64; 17.0.14)" [qtp1058432370-117]
[05/Mar/2025:01:22:24 +0000] - "GET https://clm.sonatype.com/user-telemetry/v1/rte/v1/inapp?p=AP-YFGMCGUNNIFB-2&sv=0.53.0&v=AP-YFGMCGUNNIFB-2-1741137660543-32569397&ai=a2e3917a-4f22-4c24-8671-436b74b600a2&vt=2&s=AP-YFGMCGUNNIFB-2-1741137660542-13634896&sc=https%3A%2F%2F&ho=obfuscated-rm-base.example.com&pa=%2F&q=&ha=%23browse%2Fbrowse&u=obfuscated-rm-base.example.com%2F%23browse%2Fbrowse&gcx=%7B%22rm_serverVersion%22%3A%223.76.1-01%22%7D&cb=1741137744579-6573 HTTP/1.1" 200 0 250 "Nexus/3.76.1-01 (OSS; Linux; 6.8.0-52-generic; amd64; 17.0.14)" [qtp1058432370-118]
[05/Mar/2025:01:22:26 +0000] - "POST https://clm.sonatype.com/user-telemetry/v1/rte/v2/command?p=AP-YFGMCGUNNIFB-2&et=click HTTP/1.1" 200 69 259 "Nexus/3.76.1-01 (OSS; Linux; 6.8.0-52-generic; amd64; 17.0.14)" [qtp1058432370-118]
[05/Mar/2025:01:22:26 +0000] - "POST https://clm.sonatype.com/user-telemetry/v1/rte/v2/command?p=AP-YFGMCGUNNIFB-2&et=pageview HTTP/1.1" 200 69 496 "Nexus/3.76.1-01 (OSS; Linux; 6.8.0-52-generic; amd64; 17.0.14)" [qtp1058432370-116]
[05/Mar/2025:01:22:27 +0000] - "GET https://clm.sonatype.com/user-telemetry/v1/rte/v1/inapp?p=AP-YFGMCGUNNIFB-2&sv=0.53.0&v=AP-YFGMCGUNNIFB-2-1741137660543-32569397&ai=a2e3917a-4f22-4c24-8671-436b74b600a2&vt=2&s=AP-YFGMCGUNNIFB-2-1741137660542-13634896&sc=https%3A%2F%2F&ho=obfuscated-rm-base.example.com&pa=%2F&q=&ha=%23browse%2Fbrowse%3Anpm-proxy&u=obfuscated-rm-base.example.com%2F%23browse%2Fbrowse%3Anpm-proxy&gcx=%7B%22rm_serverVersion%22%3A%223.76.1-01%22%7D&cb=1741137746715-9768 HTTP/1.1" 200 0 644 "Nexus/3.76.1-01 (OSS; Linux; 6.8.0-52-generic; amd64; 17.0.14)" [qtp1058432370-117]
[05/Mar/2025:01:22:30 +0000] - "POST https://clm.sonatype.com/user-telemetry/v1/rte/v2/command?p=AP-YFGMCGUNNIFB-2&et=click HTTP/1.1" 200 69 661 "Nexus/3.76.1-01 (OSS; Linux; 6.8.0-52-generic; amd64; 17.0.14)" [qtp1058432370-122]
[05/Mar/2025:01:22:30 +0000] - "GET https://clm.sonatype.com/user-telemetry/v1/rte/v1/inapp?p=AP-YFGMCGUNNIFB-2&sv=0.53.0&v=AP-YFGMCGUNNIFB-2-1741137660543-32569397&ai=a2e3917a-4f22-4c24-8671-436b74b600a2&vt=2&s=AP-YFGMCGUNNIFB-2-1741137660542-13634896&sc=https%3A%2F%2F&ho=obfuscated-rm-base.example.com&pa=%2F&q=&ha=%23browse%2Fbrowse%3Anpm-proxy&u=obfuscated-rm-base.example.com%2F%23browse%2Fbrowse%3Anpm-proxy&gcx=%7B%22rm_serverVersion%22%3A%223.76.1-01%22%7D&cb=1741137750111-6116 HTTP/1.1" 200 0 233 "Nexus/3.76.1-01 (OSS; Linux; 6.8.0-52-generic; amd64; 17.0.14)" [qtp1058432370-120]
[05/Mar/2025:01:22:31 +0000] - "POST https://clm.sonatype.com/user-telemetry/v1/rte/v2/command?p=AP-YFGMCGUNNIFB-2&et=click HTTP/1.1" 200 69 592 "Nexus/3.76.1-01 (OSS; Linux; 6.8.0-52-generic; amd64; 17.0.14)" [qtp1058432370-122]
[05/Mar/2025:01:22:32 +0000] - "GET https://clm.sonatype.com/user-telemetry/v1/rte/v1/inapp?p=AP-YFGMCGUNNIFB-2&sv=0.53.0&v=AP-YFGMCGUNNIFB-2-1741137660543-32569397&ai=a2e3917a-4f22-4c24-8671-436b74b600a2&vt=2&s=AP-YFGMCGUNNIFB-2-1741137660542-13634896&sc=https%3A%2F%2F&ho=obfuscated-rm-base.example.com&pa=%2F&q=&ha=%23browse%2Fbrowse%3Anpm-proxy&u=obfuscated-rm-base.example.com%2F%23browse%2Fbrowse%3Anpm-proxy&gcx=%7B%22rm_serverVersion%22%3A%223.76.1-01%22%7D&cb=1741137751754-7835 HTTP/1.1" 200 0 274 "Nexus/3.76.1-01 (OSS; Linux; 6.8.0-52-generic; amd64; 17.0.14)" [qtp1058432370-120]
[05/Mar/2025:01:22:33 +0000] - "POST https://clm.sonatype.com/user-telemetry/v1/rte/v2/command?p=AP-YFGMCGUNNIFB-2&et=click HTTP/1.1" 200 69 431 "Nexus/3.76.1-01 (OSS; Linux; 6.8.0-52-generic; amd64; 17.0.14)" [qtp1058432370-122]
[05/Mar/2025:01:22:34 +0000] - "GET https://clm.sonatype.com/user-telemetry/v1/rte/v1/inapp?p=AP-YFGMCGUNNIFB-2&sv=0.53.0&v=AP-YFGMCGUNNIFB-2-1741137660543-32569397&ai=a2e3917a-4f22-4c24-8671-436b74b600a2&vt=2&s=AP-YFGMCGUNNIFB-2-1741137660542-13634896&sc=https%3A%2F%2F&ho=obfuscated-rm-base.example.com&pa=%2F&q=&ha=%23browse%2Fbrowse%3Anpm-proxy&u=obfuscated-rm-base.example.com%2F%23browse%2Fbrowse%3Anpm-proxy&gcx=%7B%22rm_serverVersion%22%3A%223.76.1-01%22%7D&cb=1741137753617-1792 HTTP/1.1" 200 0 496 "Nexus/3.76.1-01 (OSS; Linux; 6.8.0-52-generic; amd64; 17.0.14)" [qtp1058432370-120]
[05/Mar/2025:01:22:35 +0000] - "POST https://clm.sonatype.com/user-telemetry/v1/rte/v2/command?p=AP-YFGMCGUNNIFB-2&et=click HTTP/1.1" 200 69 327 "Nexus/3.76.1-01 (OSS; Linux; 6.8.0-52-generic; amd64; 17.0.14)" [qtp1058432370-122]
[05/Mar/2025:01:22:35 +0000] - "GET https://clm.sonatype.com/user-telemetry/v1/rte/v1/inapp?p=AP-YFGMCGUNNIFB-2&sv=0.53.0&v=AP-YFGMCGUNNIFB-2-1741137660543-32569397&ai=a2e3917a-4f22-4c24-8671-436b74b600a2&vt=2&s=AP-YFGMCGUNNIFB-2-1741137660542-13634896&sc=https%3A%2F%2F&ho=obfuscated-rm-base.example.com&pa=%2F&q=&ha=%23browse%2Fbrowse%3Anpm-proxy&u=obfuscated-rm-base.example.com%2F%23browse%2Fbrowse%3Anpm-proxy&gcx=%7B%22rm_serverVersion%22%3A%223.76.1-01%22%7D&cb=1741137755648-3471 HTTP/1.1" 200 0 315 "Nexus/3.76.1-01 (OSS; Linux; 6.8.0-52-generic; amd64; 17.0.14)" [qtp1058432370-117]
[05/Mar/2025:01:23:05 +0000] - "GET https://registry.npmjs.org/signature_pad HTTP/1.1" 200 -1 602 "Nexus/3.76.1-01 (OSS; Linux; 6.8.0-52-generic; amd64; 17.0.14)" [qtp1058432370-120]
[05/Mar/2025:01:23:06 +0000] - "GET https://registry.npmjs.org/@angular%2Fplatform-browser HTTP/1.1" 200 -1 589 "Nexus/3.76.1-01 (OSS; Linux; 6.8.0-52-generic; amd64; 17.0.14)" [qtp1058432370-116]
[05/Mar/2025:01:23:06 +0000] - "GET https://registry.npmjs.org/karma-jasmine HTTP/1.1" 200 -1 626 "Nexus/3.76.1-01 (OSS; Linux; 6.8.0-52-generic; amd64; 17.0.14)" [qtp1058432370-806]
[05/Mar/2025:01:23:06 +0000] - "GET https://registry.npmjs.org/express HTTP/1.1" 200 -1 626 "Nexus/3.76.1-01 (OSS; Linux; 6.8.0-52-generic; amd64; 17.0.14)" [qtp1058432370-814]
[05/Mar/2025:01:23:06 +0000] - "GET https://registry.npmjs.org/@angular%2Frouter HTTP/1.1" 200 -1 289 "Nexus/3.76.1-01 (OSS; Linux; 6.8.0-52-generic; amd64; 17.0.14)" [qtp1058432370-120]
[05/Mar/2025:01:23:06 +0000] - "GET https://registry.npmjs.org/zone.js HTTP/1.1" 200 -1 712 "Nexus/3.76.1-01 (OSS; Linux; 6.8.0-52-generic; amd64; 17.0.14)" [qtp1058432370-795]
[05/Mar/2025:01:23:06 +0000] - "GET https://registry.npmjs.org/@angular%2Fplatform-server HTTP/1.1" 200 -1 702 "Nexus/3.76.1-01 (OSS; Linux; 6.8.0-52-generic; amd64; 17.0.14)" [qtp1058432370-118]
[05/Mar/2025:01:23:06 +0000] - "GET https://registry.npmjs.org/toastify-js HTTP/1.1" 200 -1 755 "Nexus/3.76.1-01 (OSS; Linux; 6.8.0-52-generic; amd64; 17.0.14)" [qtp1058432370-122]
[05/Mar/2025:01:23:06 +0000] - "GET https://registry.npmjs.org/@ngrx%2Fentity HTTP/1.1" 200 -1 882 "Nexus/3.76.1-01 (OSS; Linux; 6.8.0-52-generic; amd64; 17.0.14)" [qtp1058432370-811]
[05/Mar/2025:01:23:06 +0000] - "GET https://registry.npmjs.org/@ngrx%2Feffects HTTP/1.1" 200 -1 258 "Nexus/3.76.1-01 (OSS; Linux; 6.8.0-52-generic; amd64; 17.0.14)" [qtp1058432370-795]
[05/Mar/2025:01:23:07 +0000] - "GET https://registry.npmjs.org/karma-jasmine-html-reporter HTTP/1.1" 200 -1 323 "Nexus/3.76.1-01 (OSS; Linux; 6.8.0-52-generic; amd64; 17.0.14)" [qtp1058432370-808]
[05/Mar/2025:01:23:07 +0000] - "GET https://registry.npmjs.org/typescript HTTP/1.1" 200 -1 322 "Nexus/3.76.1-01 (OSS; Linux; 6.8.0-52-generic; amd64; 17.0.14)" [qtp1058432370-796]
[05/Mar/2025:01:23:07 +0000] - "GET https://registry.npmjs.org/ngx-cookie-service HTTP/1.1" 200 -1 337 "Nexus/3.76.1-01 (OSS; Linux; 6.8.0-52-generic; amd64; 17.0.14)" [qtp1058432370-795]
[05/Mar/2025:01:23:08 +0000] - "GET https://registry.npmjs.org/jasmine-core HTTP/1.1" 200 -1 144 "Nexus/3.76.1-01 (OSS; Linux; 6.8.0-52-generic; amd64; 17.0.14)" [qtp1058432370-810]
[05/Mar/2025:01:23:08 +0000] - "GET https://registry.npmjs.org/karma-coverage HTTP/1.1" 200 -1 141 "Nexus/3.76.1-01 (OSS; Linux; 6.8.0-52-generic; amd64; 17.0.14)" [qtp1058432370-811]
[05/Mar/2025:01:23:08 +0000] - "GET https://registry.npmjs.org/karma HTTP/1.1" 200 -1 143 "Nexus/3.76.1-01 (OSS; Linux; 6.8.0-52-generic; amd64; 17.0.14)" [qtp1058432370-816]
[05/Mar/2025:01:23:08 +0000] - "GET https://registry.npmjs.org/@types%2Fjasmine HTTP/1.1" 200 -1 176 "Nexus/3.76.1-01 (OSS; Linux; 6.8.0-52-generic; amd64; 17.0.14)" [qtp1058432370-808]
[05/Mar/2025:01:23:08 +0000] - "GET https://registry.npmjs.org/@angular%2Fcompiler-cli HTTP/1.1" 200 -1 357 "Nexus/3.76.1-01 (OSS; Linux; 6.8.0-52-generic; amd64; 17.0.14)" [qtp1058432370-117]
[05/Mar/2025:01:23:09 +0000] - "GET https://registry.npmjs.org/karma-chrome-launcher HTTP/1.1" 200 -1 135 "Nexus/3.76.1-01 (OSS; Linux; 6.8.0-52-generic; amd64; 17.0.14)" [qtp1058432370-810]
[05/Mar/2025:01:23:09 +0000] - "GET https://registry.npmjs.org/@angular%2Fcli HTTP/1.1" 200 -1 121 "Nexus/3.76.1-01 (OSS; Linux; 6.8.0-52-generic; amd64; 17.0.14)" [qtp1058432370-794]
[05/Mar/2025:01:23:09 +0000] - "GET https://registry.npmjs.org/@ngrx%2Fstore HTTP/1.1" 200 -1 243 "Nexus/3.76.1-01 (OSS; Linux; 6.8.0-52-generic; amd64; 17.0.14)" [qtp1058432370-811]
[05/Mar/2025:01:23:09 +0000] - "GET https://registry.npmjs.org/@angular%2Fcompiler HTTP/1.1" 200 -1 130 "Nexus/3.76.1-01 (OSS; Linux; 6.8.0-52-generic; amd64; 17.0.14)" [qtp1058432370-810]
[05/Mar/2025:01:23:09 +0000] - "GET https://registry.npmjs.org/@angular%2Fanimations HTTP/1.1" 200 -1 196 "Nexus/3.76.1-01 (OSS; Linux; 6.8.0-52-generic; amd64; 17.0.14)" [qtp1058432370-814]
[05/Mar/2025:01:23:09 +0000] - "GET https://registry.npmjs.org/@angular%2Fmaterial HTTP/1.1" 200 -1 344 "Nexus/3.76.1-01 (OSS; Linux; 6.8.0-52-generic; amd64; 17.0.14)" [qtp1058432370-816]
[05/Mar/2025:01:23:10 +0000] - "GET https://registry.npmjs.org/@angular%2Fcdk HTTP/1.1" 200 -1 163 "Nexus/3.76.1-01 (OSS; Linux; 6.8.0-52-generic; amd64; 17.0.14)" [qtp1058432370-808]
[05/Mar/2025:01:23:10 +0000] - "GET https://registry.npmjs.org/jwt-decode HTTP/1.1" 200 -1 149 "Nexus/3.76.1-01 (OSS; Linux; 6.8.0-52-generic; amd64; 17.0.14)" [qtp1058432370-115]
[05/Mar/2025:01:23:10 +0000] - "GET https://registry.npmjs.org/rxjs HTTP/1.1" 200 -1 125 "Nexus/3.76.1-01 (OSS; Linux; 6.8.0-52-generic; amd64; 17.0.14)" [qtp1058432370-793]
[05/Mar/2025:01:23:10 +0000] - "GET https://registry.npmjs.org/ng-packagr HTTP/1.1" 200 -1 149 "Nexus/3.76.1-01 (OSS; Linux; 6.8.0-52-generic; amd64; 17.0.14)" [qtp1058432370-120]
[05/Mar/2025:01:23:10 +0000] - "GET https://registry.npmjs.org/@angular%2Fssr HTTP/1.1" 200 -1 140 "Nexus/3.76.1-01 (OSS; Linux; 6.8.0-52-generic; amd64; 17.0.14)" [qtp1058432370-118]
[05/Mar/2025:01:23:15 +0000] - "GET https://registry.npmjs.org/@angular%2Fplatform-browser-dynamic HTTP/1.1" 200 -1 185 "Nexus/3.76.1-01 (OSS; Linux; 6.8.0-52-generic; amd64; 17.0.14)" [qtp1058432370-115]
[05/Mar/2025:01:23:15 +0000] - "GET https://registry.npmjs.org/@ngrx%2Fstore-devtools HTTP/1.1" 200 -1 358 "Nexus/3.76.1-01 (OSS; Linux; 6.8.0-52-generic; amd64; 17.0.14)" [qtp1058432370-810]
[05/Mar/2025:01:23:15 +0000] - "GET https://registry.npmjs.org/@angular-devkit%2Fbuild-angular HTTP/1.1" 200 -1 343 "Nexus/3.76.1-01 (OSS; Linux; 6.8.0-52-generic; amd64; 17.0.14)" [qtp1058432370-806]
[05/Mar/2025:01:23:15 +0000] - "GET https://registry.npmjs.org/@types%2Fexpress HTTP/1.1" 200 -1 175 "Nexus/3.76.1-01 (OSS; Linux; 6.8.0-52-generic; amd64; 17.0.14)" [qtp1058432370-122]
[05/Mar/2025:01:23:16 +0000] - "GET https://registry.npmjs.org/tslib HTTP/1.1" 200 -1 161 "Nexus/3.76.1-01 (OSS; Linux; 6.8.0-52-generic; amd64; 17.0.14)" [qtp1058432370-795]
[05/Mar/2025:01:23:16 +0000] - "GET https://registry.npmjs.org/@angular%2Fforms HTTP/1.1" 200 -1 150 "Nexus/3.76.1-01 (OSS; Linux; 6.8.0-52-generic; amd64; 17.0.14)" [qtp1058432370-814]
[05/Mar/2025:01:23:17 +0000] - "GET https://registry.npmjs.org/@ngrx%2Fschematics HTTP/1.1" 200 -1 313 "Nexus/3.76.1-01 (OSS; Linux; 6.8.0-52-generic; amd64; 17.0.14)" [qtp1058432370-116]
[05/Mar/2025:01:25:50 +0000] - "GET https://clm.sonatype.com/user-telemetry/v1/rte/api/v1/feature/client?p=AP-YFGMCGUNNIFB-2&sv=0.53.0&v=AP-YFGMCGUNNIFB-2-1741137660543-32569397&ai=a2e3917a-4f22-4c24-8671-436b74b600a2&vt=2&s=AP-YFGMCGUNNIFB-2-1741137660542-13634896&wsv=0.53.0&cb=1741137947861-4439 HTTP/1.1" 200 40845 3068 "Nexus/3.76.1-01 (OSS; Linux; 6.8.0-52-generic; amd64; 17.0.14)" [qtp1058432370-116]
[05/Mar/2025:01:30:47 +0000] - "GET https://clm.sonatype.com/user-telemetry/v1/rte/v1/configuration/AP-YFGMCGUNNIFB-2?ai=a2e3917a-4f22-4c24-8671-436b74b600a2 HTTP/1.1" 200 2138 544 "Nexus/3.76.1-01 (OSS; Linux; 6.8.0-52-generic; amd64; 17.0.14)" [qtp1058432370-121]
[05/Mar/2025:01:30:47 +0000] - "GET https://clm.sonatype.com/user-telemetry/v1/rte/v2/kc?s=AP-YFGMCGUNNIFB-2-1741137660542-13634896&p=AP-YFGMCGUNNIFB-2 HTTP/1.1" 200 0 219 "Nexus/3.76.1-01 (OSS; Linux; 6.8.0-52-generic; amd64; 17.0.14)" [qtp1058432370-823]
[05/Mar/2025:01:30:48 +0000] - "GET https://clm.sonatype.com/user-telemetry/v1/rte/api/v1/feature/client?p=AP-YFGMCGUNNIFB-2&sv=0.53.0&v=AP-YFGMCGUNNIFB-2-1741137660543-32569397&ai=a2e3917a-4f22-4c24-8671-436b74b600a2&vt=2&s=AP-YFGMCGUNNIFB-2-1741137660542-13634896&wsv=0.53.0&cb=1741138248182-9963 HTTP/1.1" 200 40845 517 "Nexus/3.76.1-01 (OSS; Linux; 6.8.0-52-generic; amd64; 17.0.14)" [qtp1058432370-121]
[05/Mar/2025:01:35:49 +0000] - "GET https://clm.sonatype.com/user-telemetry/v1/rte/api/v1/feature/client?p=AP-YFGMCGUNNIFB-2&sv=0.53.0&v=AP-YFGMCGUNNIFB-2-1741137660543-32569397&ai=a2e3917a-4f22-4c24-8671-436b74b600a2&vt=2&s=AP-YFGMCGUNNIFB-2-1741137660542-13634896&wsv=0.53.0&cb=1741138548548-5258 HTTP/1.1" 200 40845 820 "Nexus/3.76.1-01 (OSS; Linux; 6.8.0-52-generic; amd64; 17.0.14)" [qtp1058432370-823]
[05/Mar/2025:01:40:48 +0000] - "GET https://clm.sonatype.com/user-telemetry/v1/rte/v1/configuration/AP-YFGMCGUNNIFB-2?ai=a2e3917a-4f22-4c24-8671-436b74b600a2 HTTP/1.1" 200 2138 718 "Nexus/3.76.1-01 (OSS; Linux; 6.8.0-52-generic; amd64; 17.0.14)" [qtp1058432370-121]
[05/Mar/2025:01:40:48 +0000] - "GET https://clm.sonatype.com/user-telemetry/v1/rte/v2/kc?s=AP-YFGMCGUNNIFB-2-1741137660542-13634896&p=AP-YFGMCGUNNIFB-2 HTTP/1.1" 200 0 184 "Nexus/3.76.1-01 (OSS; Linux; 6.8.0-52-generic; amd64; 17.0.14)" [qtp1058432370-823]
[05/Mar/2025:01:40:49 +0000] - "GET https://clm.sonatype.com/user-telemetry/v1/rte/api/v1/feature/client?p=AP-YFGMCGUNNIFB-2&sv=0.53.0&v=AP-YFGMCGUNNIFB-2-1741137660543-32569397&ai=a2e3917a-4f22-4c24-8671-436b74b600a2&vt=2&s=AP-YFGMCGUNNIFB-2-1741137660542-13634896&wsv=0.53.0&cb=1741138848826-3677 HTTP/1.1" 200 40845 538 "Nexus/3.76.1-01 (OSS; Linux; 6.8.0-52-generic; amd64; 17.0.14)" [qtp1058432370-121]
[05/Mar/2025:01:45:50 +0000] - "GET https://clm.sonatype.com/user-telemetry/v1/rte/api/v1/feature/client?p=AP-YFGMCGUNNIFB-2&sv=0.53.0&v=AP-YFGMCGUNNIFB-2-1741137660543-32569397&ai=a2e3917a-4f22-4c24-8671-436b74b600a2&vt=2&s=AP-YFGMCGUNNIFB-2-1741137660542-13634896&wsv=0.53.0&cb=1741139149174-7823 HTTP/1.1" 200 40845 949 "Nexus/3.76.1-01 (OSS; Linux; 6.8.0-52-generic; amd64; 17.0.14)" [qtp1058432370-823]
[05/Mar/2025:01:50:49 +0000] - "GET https://clm.sonatype.com/user-telemetry/v1/rte/v1/configuration/AP-YFGMCGUNNIFB-2?ai=a2e3917a-4f22-4c24-8671-436b74b600a2 HTTP/1.1" 200 2138 549 "Nexus/3.76.1-01 (OSS; Linux; 6.8.0-52-generic; amd64; 17.0.14)" [qtp1058432370-121]
[05/Mar/2025:01:50:49 +0000] - "GET https://clm.sonatype.com/user-telemetry/v1/rte/v2/kc?s=AP-YFGMCGUNNIFB-2-1741137660542-13634896&p=AP-YFGMCGUNNIFB-2 HTTP/1.1" 200 0 242 "Nexus/3.76.1-01 (OSS; Linux; 6.8.0-52-generic; amd64; 17.0.14)" [qtp1058432370-823]
[05/Mar/2025:01:50:49 +0000] - "GET https://clm.sonatype.com/user-telemetry/v1/rte/api/v1/feature/client?p=AP-YFGMCGUNNIFB-2&sv=0.53.0&v=AP-YFGMCGUNNIFB-2-1741137660543-32569397&ai=a2e3917a-4f22-4c24-8671-436b74b600a2&vt=2&s=AP-YFGMCGUNNIFB-2-1741137660542-13634896&wsv=0.53.0&cb=1741139449509-6569 HTTP/1.1" 200 40845 470 "Nexus/3.76.1-01 (OSS; Linux; 6.8.0-52-generic; amd64; 17.0.14)" [qtp1058432370-121]
[05/Mar/2025:01:53:49 +0000] - "POST https://clm.sonatype.com/user-telemetry/v1/rte/v2/command?p=AP-YFGMCGUNNIFB-2&et=sessionInitialized HTTP/1.1" 200 69 1209 "Nexus/3.76.1-01 (OSS; Linux; 6.8.0-52-generic; amd64; 17.0.14)" [qtp1058432370-121]
[05/Mar/2025:01:53:49 +0000] - "POST https://clm.sonatype.com/user-telemetry/v1/rte/v2/command?p=AP-YFGMCGUNNIFB-2&et=identify HTTP/1.1" 200 69 1407 "Nexus/3.76.1-01 (OSS; Linux; 6.8.0-52-generic; amd64; 17.0.14)" [qtp1058432370-808]
[05/Mar/2025:01:53:50 +0000] - "POST https://clm.sonatype.com/user-telemetry/v1/rte/v2/command?p=AP-YFGMCGUNNIFB-2&et=sessionInitialized HTTP/1.1" 200 69 262 "Nexus/3.76.1-01 (OSS; Linux; 6.8.0-52-generic; amd64; 17.0.14)" [qtp1058432370-823]
[05/Mar/2025:01:53:50 +0000] - "GET https://clm.sonatype.com/user-telemetry/v1/rte/v1/inapp?p=AP-YFGMCGUNNIFB-2&sv=0.53.0&v=AP-YFGMCGUNNIFB-2-1741139629861-71374391&ai=6b933aba-006b-4c12-b4b5-a0ddc2adfcf4&vt=2&s=AP-YFGMCGUNNIFB-2-1741139628427-27214684&sc=https%3A%2F%2F&ho=obfuscated-rm-base.example.com&pa=%2F&q=&ha=%23browse%2Fbrowse%3Anpm-proxy&u=obfuscated-rm-base.example.com%2F%23browse%2Fbrowse%3Anpm-proxy&gcx=%7B%22rm_serverVersion%22%3A%223.76.1-01%22%7D&cb=1741139630312-8896 HTTP/1.1" 200 0 166 "Nexus/3.76.1-01 (OSS; Linux; 6.8.0-52-generic; amd64; 17.0.14)" [qtp1058432370-824]
[05/Mar/2025:01:53:50 +0000] - "GET https://clm.sonatype.com/user-telemetry/v1/rte/v2/kc?s=AP-YFGMCGUNNIFB-2-1741139629860-17861316&p=AP-YFGMCGUNNIFB-2 HTTP/1.1" 200 0 230 "Nexus/3.76.1-01 (OSS; Linux; 6.8.0-52-generic; amd64; 17.0.14)" [qtp1058432370-823]
[05/Mar/2025:01:53:51 +0000] - "GET https://clm.sonatype.com/user-telemetry/v1/rte/v2/kc?s=AP-YFGMCGUNNIFB-2-1741139629860-17861316&p=AP-YFGMCGUNNIFB-2 HTTP/1.1" 200 0 235 "Nexus/3.76.1-01 (OSS; Linux; 6.8.0-52-generic; amd64; 17.0.14)" [qtp1058432370-121]
[05/Mar/2025:01:53:52 +0000] - "GET https://clm.sonatype.com/user-telemetry/v1/rte/v2/kc?s=AP-YFGMCGUNNIFB-2-1741139629860-17861316&p=AP-YFGMCGUNNIFB-2 HTTP/1.1" 200 0 387 "Nexus/3.76.1-01 (OSS; Linux; 6.8.0-52-generic; amd64; 17.0.14)" [qtp1058432370-823]
[05/Mar/2025:01:53:54 +0000] - "GET https://clm.sonatype.com/user-telemetry/v1/rte/v2/kc?s=AP-YFGMCGUNNIFB-2-1741139629860-17861316&p=AP-YFGMCGUNNIFB-2 HTTP/1.1" 200 0 262 "Nexus/3.76.1-01 (OSS; Linux; 6.8.0-52-generic; amd64; 17.0.14)" [qtp1058432370-121]
[05/Mar/2025:01:53:55 +0000] - "GET https://clm.sonatype.com/user-telemetry/v1/rte/v2/kc?s=AP-YFGMCGUNNIFB-2-1741139629860-17861316&p=AP-YFGMCGUNNIFB-2 HTTP/1.1" 200 0 289 "Nexus/3.76.1-01 (OSS; Linux; 6.8.0-52-generic; amd64; 17.0.14)" [qtp1058432370-823]
[05/Mar/2025:01:55:50 +0000] - "GET https://clm.sonatype.com/user-telemetry/v1/rte/api/v1/feature/client?p=AP-YFGMCGUNNIFB-2&sv=0.53.0&v=AP-YFGMCGUNNIFB-2-1741139629861-71374391&ai=6b933aba-006b-4c12-b4b5-a0ddc2adfcf4&vt=2&s=AP-YFGMCGUNNIFB-2-1741139629860-17861316&wsv=0.53.0&cb=1741139749509-2792 HTTP/1.1" 200 40845 1081 "Nexus/3.76.1-01 (OSS; Linux; 6.8.0-52-generic; amd64; 17.0.14)" [qtp1058432370-121]
[05/Mar/2025:02:00:50 +0000] - "GET https://clm.sonatype.com/user-telemetry/v1/rte/v1/configuration/AP-YFGMCGUNNIFB-2?ai=6b933aba-006b-4c12-b4b5-a0ddc2adfcf4 HTTP/1.1" 200 2138 1123 "Nexus/3.76.1-01 (OSS; Linux; 6.8.0-52-generic; amd64; 17.0.14)" [qtp1058432370-794]
[05/Mar/2025:02:00:50 +0000] - "GET https://clm.sonatype.com/user-telemetry/v1/rte/v2/kc?s=AP-YFGMCGUNNIFB-2-1741139629860-17861316&p=AP-YFGMCGUNNIFB-2 HTTP/1.1" 200 0 230 "Nexus/3.76.1-01 (OSS; Linux; 6.8.0-52-generic; amd64; 17.0.14)" [qtp1058432370-823]
[05/Mar/2025:02:00:51 +0000] - "GET https://clm.sonatype.com/user-telemetry/v1/rte/api/v1/feature/client?p=AP-YFGMCGUNNIFB-2&sv=0.53.0&v=AP-YFGMCGUNNIFB-2-1741139629861-71374391&ai=6b933aba-006b-4c12-b4b5-a0ddc2adfcf4&vt=2&s=AP-YFGMCGUNNIFB-2-1741139629860-17861316&wsv=0.53.0&cb=1741140050339-4286 HTTP/1.1" 200 40845 1104 "Nexus/3.76.1-01 (OSS; Linux; 6.8.0-52-generic; amd64; 17.0.14)" [qtp1058432370-806]
[05/Mar/2025:02:05:51 +0000] - "GET https://clm.sonatype.com/user-telemetry/v1/rte/api/v1/feature/client?p=AP-YFGMCGUNNIFB-2&sv=0.53.0&v=AP-YFGMCGUNNIFB-2-1741139629861-71374391&ai=6b933aba-006b-4c12-b4b5-a0ddc2adfcf4&vt=2&s=AP-YFGMCGUNNIFB-2-1741139629860-17861316&wsv=0.53.0&cb=1741140350344-9435 HTTP/1.1" 200 40845 1413 "Nexus/3.76.1-01 (OSS; Linux; 6.8.0-52-generic; amd64; 17.0.14)" [qtp1058432370-808]
[05/Mar/2025:02:10:50 +0000] - "GET https://clm.sonatype.com/user-telemetry/v1/rte/v1/configuration/AP-YFGMCGUNNIFB-2?ai=6b933aba-006b-4c12-b4b5-a0ddc2adfcf4 HTTP/1.1" 200 2138 894 "Nexus/3.76.1-01 (OSS; Linux; 6.8.0-52-generic; amd64; 17.0.14)" [qtp1058432370-876]
[05/Mar/2025:02:10:50 +0000] - "GET https://clm.sonatype.com/user-telemetry/v1/rte/v2/kc?s=AP-YFGMCGUNNIFB-2-1741139629860-17861316&p=AP-YFGMCGUNNIFB-2 HTTP/1.1" 200 0 293 "Nexus/3.76.1-01 (OSS; Linux; 6.8.0-52-generic; amd64; 17.0.14)" [qtp1058432370-878]
[05/Mar/2025:02:10:50 +0000] - "GET https://clm.sonatype.com/user-telemetry/v1/rte/api/v1/feature/client?p=AP-YFGMCGUNNIFB-2&sv=0.53.0&v=AP-YFGMCGUNNIFB-2-1741139629861-71374391&ai=6b933aba-006b-4c12-b4b5-a0ddc2adfcf4&vt=2&s=AP-YFGMCGUNNIFB-2-1741139629860-17861316&wsv=0.53.0&cb=1741140650351-5986 HTTP/1.1" 200 40845 613 "Nexus/3.76.1-01 (OSS; Linux; 6.8.0-52-generic; amd64; 17.0.14)" [qtp1058432370-877]
[05/Mar/2025:02:15:51 +0000] - "GET https://clm.sonatype.com/user-telemetry/v1/rte/api/v1/feature/client?p=AP-YFGMCGUNNIFB-2&sv=0.53.0&v=AP-YFGMCGUNNIFB-2-1741139629861-71374391&ai=6b933aba-006b-4c12-b4b5-a0ddc2adfcf4&vt=2&s=AP-YFGMCGUNNIFB-2-1741139629860-17861316&wsv=0.53.0&cb=1741140950358-6975 HTTP/1.1" 200 40845 910 "Nexus/3.76.1-01 (OSS; Linux; 6.8.0-52-generic; amd64; 17.0.14)" [qtp1058432370-854]
[05/Mar/2025:02:20:50 +0000] - "GET https://clm.sonatype.com/user-telemetry/v1/rte/v1/configuration/AP-YFGMCGUNNIFB-2?ai=6b933aba-006b-4c12-b4b5-a0ddc2adfcf4 HTTP/1.1" 200 2138 764 "Nexus/3.76.1-01 (OSS; Linux; 6.8.0-52-generic; amd64; 17.0.14)" [qtp1058432370-874]
[05/Mar/2025:02:20:50 +0000] - "GET https://clm.sonatype.com/user-telemetry/v1/rte/v2/kc?s=AP-YFGMCGUNNIFB-2-1741139629860-17861316&p=AP-YFGMCGUNNIFB-2 HTTP/1.1" 200 0 372 "Nexus/3.76.1-01 (OSS; Linux; 6.8.0-52-generic; amd64; 17.0.14)" [qtp1058432370-806]
[05/Mar/2025:02:20:50 +0000] - "GET https://clm.sonatype.com/user-telemetry/v1/rte/api/v1/feature/client?p=AP-YFGMCGUNNIFB-2&sv=0.53.0&v=AP-YFGMCGUNNIFB-2-1741139629861-71374391&ai=6b933aba-006b-4c12-b4b5-a0ddc2adfcf4&vt=2&s=AP-YFGMCGUNNIFB-2-1741139629860-17861316&wsv=0.53.0&cb=1741141250365-7511 HTTP/1.1" 200 40845 370 "Nexus/3.76.1-01 (OSS; Linux; 6.8.0-52-generic; amd64; 17.0.14)" [qtp1058432370-877]
[05/Mar/2025:02:25:51 +0000] - "GET https://clm.sonatype.com/user-telemetry/v1/rte/api/v1/feature/client?p=AP-YFGMCGUNNIFB-2&sv=0.53.0&v=AP-YFGMCGUNNIFB-2-1741139629861-71374391&ai=6b933aba-006b-4c12-b4b5-a0ddc2adfcf4&vt=2&s=AP-YFGMCGUNNIFB-2-1741139629860-17861316&wsv=0.53.0&cb=1741141550373-3862 HTTP/1.1" 200 40845 1217 "Nexus/3.76.1-01 (OSS; Linux; 6.8.0-52-generic; amd64; 17.0.14)" [qtp1058432370-874]
[05/Mar/2025:02:30:50 +0000] - "GET https://clm.sonatype.com/user-telemetry/v1/rte/v1/configuration/AP-YFGMCGUNNIFB-2?ai=6b933aba-006b-4c12-b4b5-a0ddc2adfcf4 HTTP/1.1" 200 2138 774 "Nexus/3.76.1-01 (OSS; Linux; 6.8.0-52-generic; amd64; 17.0.14)" [qtp1058432370-876]
[05/Mar/2025:02:30:50 +0000] - "GET https://clm.sonatype.com/user-telemetry/v1/rte/v2/kc?s=AP-YFGMCGUNNIFB-2-1741139629860-17861316&p=AP-YFGMCGUNNIFB-2 HTTP/1.1" 200 0 635 "Nexus/3.76.1-01 (OSS; Linux; 6.8.0-52-generic; amd64; 17.0.14)" [qtp1058432370-854]
[05/Mar/2025:02:30:51 +0000] - "GET https://clm.sonatype.com/user-telemetry/v1/rte/api/v1/feature/client?p=AP-YFGMCGUNNIFB-2&sv=0.53.0&v=AP-YFGMCGUNNIFB-2-1741139629861-71374391&ai=6b933aba-006b-4c12-b4b5-a0ddc2adfcf4&vt=2&s=AP-YFGMCGUNNIFB-2-1741139629860-17861316&wsv=0.53.0&cb=1741141850379-4349 HTTP/1.1" 200 40845 1046 "Nexus/3.76.1-01 (OSS; Linux; 6.8.0-52-generic; amd64; 17.0.14)" [qtp1058432370-877]
[05/Mar/2025:02:35:51 +0000] - "GET https://clm.sonatype.com/user-telemetry/v1/rte/api/v1/feature/client?p=AP-YFGMCGUNNIFB-2&sv=0.53.0&v=AP-YFGMCGUNNIFB-2-1741139629861-71374391&ai=6b933aba-006b-4c12-b4b5-a0ddc2adfcf4&vt=2&s=AP-YFGMCGUNNIFB-2-1741139629860-17861316&wsv=0.53.0&cb=1741142150379-2759 HTTP/1.1" 200 40845 1084 "Nexus/3.76.1-01 (OSS; Linux; 6.8.0-52-generic; amd64; 17.0.14)" [qtp1058432370-794]
[05/Mar/2025:02:40:50 +0000] - "GET https://clm.sonatype.com/user-telemetry/v1/rte/v1/configuration/AP-YFGMCGUNNIFB-2?ai=6b933aba-006b-4c12-b4b5-a0ddc2adfcf4 HTTP/1.1" 200 2138 563 "Nexus/3.76.1-01 (OSS; Linux; 6.8.0-52-generic; amd64; 17.0.14)" [qtp1058432370-808]
[05/Mar/2025:02:40:50 +0000] - "GET https://clm.sonatype.com/user-telemetry/v1/rte/v2/kc?s=AP-YFGMCGUNNIFB-2-1741139629860-17861316&p=AP-YFGMCGUNNIFB-2 HTTP/1.1" 200 0 345 "Nexus/3.76.1-01 (OSS; Linux; 6.8.0-52-generic; amd64; 17.0.14)" [qtp1058432370-874]
[05/Mar/2025:02:40:51 +0000] - "GET https://clm.sonatype.com/user-telemetry/v1/rte/api/v1/feature/client?p=AP-YFGMCGUNNIFB-2&sv=0.53.0&v=AP-YFGMCGUNNIFB-2-1741139629861-71374391&ai=6b933aba-006b-4c12-b4b5-a0ddc2adfcf4&vt=2&s=AP-YFGMCGUNNIFB-2-1741139629860-17861316&wsv=0.53.0&cb=1741142450864-6178 HTTP/1.1" 200 40845 659 "Nexus/3.76.1-01 (OSS; Linux; 6.8.0-52-generic; amd64; 17.0.14)" [qtp1058432370-808]
[05/Mar/2025:02:45:52 +0000] - "GET https://clm.sonatype.com/user-telemetry/v1/rte/api/v1/feature/client?p=AP-YFGMCGUNNIFB-2&sv=0.53.0&v=AP-YFGMCGUNNIFB-2-1741139629861-71374391&ai=6b933aba-006b-4c12-b4b5-a0ddc2adfcf4&vt=2&s=AP-YFGMCGUNNIFB-2-1741139629860-17861316&wsv=0.53.0&cb=1741142750871-4442 HTTP/1.1" 200 40845 1140 "Nexus/3.76.1-01 (OSS; Linux; 6.8.0-52-generic; amd64; 17.0.14)" [qtp1058432370-874]
[05/Mar/2025:02:50:50 +0000] - "GET https://clm.sonatype.com/user-telemetry/v1/rte/v1/configuration/AP-YFGMCGUNNIFB-2?ai=6b933aba-006b-4c12-b4b5-a0ddc2adfcf4 HTTP/1.1" 200 2138 984 "Nexus/3.76.1-01 (OSS; Linux; 6.8.0-52-generic; amd64; 17.0.14)" [qtp1058432370-896]
[05/Mar/2025:02:50:51 +0000] - "GET https://clm.sonatype.com/user-telemetry/v1/rte/v2/kc?s=AP-YFGMCGUNNIFB-2-1741139629860-17861316&p=AP-YFGMCGUNNIFB-2 HTTP/1.1" 200 0 392 "Nexus/3.76.1-01 (OSS; Linux; 6.8.0-52-generic; amd64; 17.0.14)" [qtp1058432370-877]
[05/Mar/2025:02:50:51 +0000] - "GET https://clm.sonatype.com/user-telemetry/v1/rte/api/v1/feature/client?p=AP-YFGMCGUNNIFB-2&sv=0.53.0&v=AP-YFGMCGUNNIFB-2-1741139629861-71374391&ai=6b933aba-006b-4c12-b4b5-a0ddc2adfcf4&vt=2&s=AP-YFGMCGUNNIFB-2-1741139629860-17861316&wsv=0.53.0&cb=1741143050877-4637 HTTP/1.1" 200 40845 608 "Nexus/3.76.1-01 (OSS; Linux; 6.8.0-52-generic; amd64; 17.0.14)" [qtp1058432370-794]
[05/Mar/2025:02:55:52 +0000] - "GET https://clm.sonatype.com/user-telemetry/v1/rte/api/v1/feature/client?p=AP-YFGMCGUNNIFB-2&sv=0.53.0&v=AP-YFGMCGUNNIFB-2-1741139629861-71374391&ai=6b933aba-006b-4c12-b4b5-a0ddc2adfcf4&vt=2&s=AP-YFGMCGUNNIFB-2-1741139629860-17861316&wsv=0.53.0&cb=1741143350883-4323 HTTP/1.1" 200 40845 1969 "Nexus/3.76.1-01 (OSS; Linux; 6.8.0-52-generic; amd64; 17.0.14)" [qtp1058432370-881]
[05/Mar/2025:03:00:51 +0000] - "GET https://clm.sonatype.com/user-telemetry/v1/rte/v1/configuration/AP-YFGMCGUNNIFB-2?ai=6b933aba-006b-4c12-b4b5-a0ddc2adfcf4 HTTP/1.1" 200 2138 1363 "Nexus/3.76.1-01 (OSS; Linux; 6.8.0-52-generic; amd64; 17.0.14)" [qtp1058432370-808]
[05/Mar/2025:03:00:51 +0000] - "GET https://clm.sonatype.com/user-telemetry/v1/rte/v2/kc?s=AP-YFGMCGUNNIFB-2-1741139629860-17861316&p=AP-YFGMCGUNNIFB-2 HTTP/1.1" 200 0 393 "Nexus/3.76.1-01 (OSS; Linux; 6.8.0-52-generic; amd64; 17.0.14)" [qtp1058432370-874]
[05/Mar/2025:03:00:52 +0000] - "GET https://clm.sonatype.com/user-telemetry/v1/rte/api/v1/feature/client?p=AP-YFGMCGUNNIFB-2&sv=0.53.0&v=AP-YFGMCGUNNIFB-2-1741139629861-71374391&ai=6b933aba-006b-4c12-b4b5-a0ddc2adfcf4&vt=2&s=AP-YFGMCGUNNIFB-2-1741139629860-17861316&wsv=0.53.0&cb=1741143650889-2365 HTTP/1.1" 200 40845 1243 "Nexus/3.76.1-01 (OSS; Linux; 6.8.0-52-generic; amd64; 17.0.14)" [qtp1058432370-794]
[05/Mar/2025:03:05:52 +0000] - "GET https://clm.sonatype.com/user-telemetry/v1/rte/api/v1/feature/client?p=AP-YFGMCGUNNIFB-2&sv=0.53.0&v=AP-YFGMCGUNNIFB-2-1741139629861-71374391&ai=6b933aba-006b-4c12-b4b5-a0ddc2adfcf4&vt=2&s=AP-YFGMCGUNNIFB-2-1741139629860-17861316&wsv=0.53.0&cb=1741143950896-2275 HTTP/1.1" 200 40845 1277 "Nexus/3.76.1-01 (OSS; Linux; 6.8.0-52-generic; amd64; 17.0.14)" [qtp1058432370-876]
[05/Mar/2025:03:10:50 +0000] - "GET https://clm.sonatype.com/user-telemetry/v1/rte/v1/configuration/AP-YFGMCGUNNIFB-2?ai=6b933aba-006b-4c12-b4b5-a0ddc2adfcf4 HTTP/1.1" 200 2138 1010 "Nexus/3.76.1-01 (OSS; Linux; 6.8.0-52-generic; amd64; 17.0.14)" [qtp1058432370-896]
[05/Mar/2025:03:10:51 +0000] - "GET https://clm.sonatype.com/user-telemetry/v1/rte/v2/kc?s=AP-YFGMCGUNNIFB-2-1741139629860-17861316&p=AP-YFGMCGUNNIFB-2 HTTP/1.1" 200 0 398 "Nexus/3.76.1-01 (OSS; Linux; 6.8.0-52-generic; amd64; 17.0.14)" [qtp1058432370-881]
[05/Mar/2025:03:10:51 +0000] - "GET https://clm.sonatype.com/user-telemetry/v1/rte/api/v1/feature/client?p=AP-YFGMCGUNNIFB-2&sv=0.53.0&v=AP-YFGMCGUNNIFB-2-1741139629861-71374391&ai=6b933aba-006b-4c12-b4b5-a0ddc2adfcf4&vt=2&s=AP-YFGMCGUNNIFB-2-1741139629860-17861316&wsv=0.53.0&cb=1741144250903-7469 HTTP/1.1" 200 40845 831 "Nexus/3.76.1-01 (OSS; Linux; 6.8.0-52-generic; amd64; 17.0.14)" [qtp1058432370-794]
[05/Mar/2025:03:15:52 +0000] - "GET https://clm.sonatype.com/user-telemetry/v1/rte/api/v1/feature/client?p=AP-YFGMCGUNNIFB-2&sv=0.53.0&v=AP-YFGMCGUNNIFB-2-1741139629861-71374391&ai=6b933aba-006b-4c12-b4b5-a0ddc2adfcf4&vt=2&s=AP-YFGMCGUNNIFB-2-1741139629860-17861316&wsv=0.53.0&cb=1741144550910-9971 HTTP/1.1" 200 40845 1262 "Nexus/3.76.1-01 (OSS; Linux; 6.8.0-52-generic; amd64; 17.0.14)" [qtp1058432370-916]
[05/Mar/2025:03:20:51 +0000] - "GET https://clm.sonatype.com/user-telemetry/v1/rte/v1/configuration/AP-YFGMCGUNNIFB-2?ai=6b933aba-006b-4c12-b4b5-a0ddc2adfcf4 HTTP/1.1" 200 2138 1275 "Nexus/3.76.1-01 (OSS; Linux; 6.8.0-52-generic; amd64; 17.0.14)" [qtp1058432370-808]
[05/Mar/2025:03:20:51 +0000] - "GET https://clm.sonatype.com/user-telemetry/v1/rte/v2/kc?s=AP-YFGMCGUNNIFB-2-1741139629860-17861316&p=AP-YFGMCGUNNIFB-2 HTTP/1.1" 200 0 402 "Nexus/3.76.1-01 (OSS; Linux; 6.8.0-52-generic; amd64; 17.0.14)" [qtp1058432370-876]
[05/Mar/2025:03:20:52 +0000] - "GET https://clm.sonatype.com/user-telemetry/v1/rte/api/v1/feature/client?p=AP-YFGMCGUNNIFB-2&sv=0.53.0&v=AP-YFGMCGUNNIFB-2-1741139629861-71374391&ai=6b933aba-006b-4c12-b4b5-a0ddc2adfcf4&vt=2&s=AP-YFGMCGUNNIFB-2-1741139629860-17861316&wsv=0.53.0&cb=1741144850918-8455 HTTP/1.1" 200 40845 1091 "Nexus/3.76.1-01 (OSS; Linux; 6.8.0-52-generic; amd64; 17.0.14)" [qtp1058432370-794]
[05/Mar/2025:03:25:52 +0000] - "GET https://clm.sonatype.com/user-telemetry/v1/rte/api/v1/feature/client?p=AP-YFGMCGUNNIFB-2&sv=0.53.0&v=AP-YFGMCGUNNIFB-2-1741139629861-71374391&ai=6b933aba-006b-4c12-b4b5-a0ddc2adfcf4&vt=2&s=AP-YFGMCGUNNIFB-2-1741139629860-17861316&wsv=0.53.0&cb=1741145150924-6717 HTTP/1.1" 200 40845 1533 "Nexus/3.76.1-01 (OSS; Linux; 6.8.0-52-generic; amd64; 17.0.14)" [qtp1058432370-897]
[05/Mar/2025:03:30:50 +0000] - "GET https://clm.sonatype.com/user-telemetry/v1/rte/v1/configuration/AP-YFGMCGUNNIFB-2?ai=6b933aba-006b-4c12-b4b5-a0ddc2adfcf4 HTTP/1.1" 200 2138 695 "Nexus/3.76.1-01 (OSS; Linux; 6.8.0-52-generic; amd64; 17.0.14)" [qtp1058432370-897]
[05/Mar/2025:03:30:50 +0000] - "GET https://clm.sonatype.com/user-telemetry/v1/rte/v2/kc?s=AP-YFGMCGUNNIFB-2-1741139629860-17861316&p=AP-YFGMCGUNNIFB-2 HTTP/1.1" 200 0 189 "Nexus/3.76.1-01 (OSS; Linux; 6.8.0-52-generic; amd64; 17.0.14)" [qtp1058432370-916]
[05/Mar/2025:03:30:51 +0000] - "GET https://clm.sonatype.com/user-telemetry/v1/rte/api/v1/feature/client?p=AP-YFGMCGUNNIFB-2&sv=0.53.0&v=AP-YFGMCGUNNIFB-2-1741139629861-71374391&ai=6b933aba-006b-4c12-b4b5-a0ddc2adfcf4&vt=2&s=AP-YFGMCGUNNIFB-2-1741139629860-17861316&wsv=0.53.0&cb=1741145450930-6699 HTTP/1.1" 200 40845 311 "Nexus/3.76.1-01 (OSS; Linux; 6.8.0-52-generic; amd64; 17.0.14)" [qtp1058432370-897]
[05/Mar/2025:03:35:52 +0000] - "GET https://clm.sonatype.com/user-telemetry/v1/rte/api/v1/feature/client?p=AP-YFGMCGUNNIFB-2&sv=0.53.0&v=AP-YFGMCGUNNIFB-2-1741139629861-71374391&ai=6b933aba-006b-4c12-b4b5-a0ddc2adfcf4&vt=2&s=AP-YFGMCGUNNIFB-2-1741139629860-17861316&wsv=0.53.0&cb=1741145750937-5778 HTTP/1.1" 200 40845 1546 "Nexus/3.76.1-01 (OSS; Linux; 6.8.0-52-generic; amd64; 17.0.14)" [qtp1058432370-916]
[05/Mar/2025:03:40:50 +0000] - "GET https://clm.sonatype.com/user-telemetry/v1/rte/v1/configuration/AP-YFGMCGUNNIFB-2?ai=6b933aba-006b-4c12-b4b5-a0ddc2adfcf4 HTTP/1.1" 200 2138 921 "Nexus/3.76.1-01 (OSS; Linux; 6.8.0-52-generic; amd64; 17.0.14)" [qtp1058432370-794]
[05/Mar/2025:03:40:51 +0000] - "GET https://clm.sonatype.com/user-telemetry/v1/rte/v2/kc?s=AP-YFGMCGUNNIFB-2-1741139629860-17861316&p=AP-YFGMCGUNNIFB-2 HTTP/1.1" 200 0 315 "Nexus/3.76.1-01 (OSS; Linux; 6.8.0-52-generic; amd64; 17.0.14)" [qtp1058432370-808]
[05/Mar/2025:03:40:51 +0000] - "GET https://clm.sonatype.com/user-telemetry/v1/rte/api/v1/feature/client?p=AP-YFGMCGUNNIFB-2&sv=0.53.0&v=AP-YFGMCGUNNIFB-2-1741139629861-71374391&ai=6b933aba-006b-4c12-b4b5-a0ddc2adfcf4&vt=2&s=AP-YFGMCGUNNIFB-2-1741139629860-17861316&wsv=0.53.0&cb=1741146050945-6642 HTTP/1.1" 200 40845 534 "Nexus/3.76.1-01 (OSS; Linux; 6.8.0-52-generic; amd64; 17.0.14)" [qtp1058432370-896]
[05/Mar/2025:03:45:51 +0000] - "GET https://clm.sonatype.com/user-telemetry/v1/rte/api/v1/feature/client?p=AP-YFGMCGUNNIFB-2&sv=0.53.0&v=AP-YFGMCGUNNIFB-2-1741139629861-71374391&ai=6b933aba-006b-4c12-b4b5-a0ddc2adfcf4&vt=2&s=AP-YFGMCGUNNIFB-2-1741139629860-17861316&wsv=0.53.0&cb=1741146350951-8144 HTTP/1.1" 200 40845 796 "Nexus/3.76.1-01 (OSS; Linux; 6.8.0-52-generic; amd64; 17.0.14)" [qtp1058432370-917]
[05/Mar/2025:03:50:50 +0000] - "GET https://clm.sonatype.com/user-telemetry/v1/rte/v1/configuration/AP-YFGMCGUNNIFB-2?ai=6b933aba-006b-4c12-b4b5-a0ddc2adfcf4 HTTP/1.1" 200 2138 499 "Nexus/3.76.1-01 (OSS; Linux; 6.8.0-52-generic; amd64; 17.0.14)" [qtp1058432370-897]
[05/Mar/2025:03:50:50 +0000] - "GET https://clm.sonatype.com/user-telemetry/v1/rte/v2/kc?s=AP-YFGMCGUNNIFB-2-1741139629860-17861316&p=AP-YFGMCGUNNIFB-2 HTTP/1.1" 200 0 435 "Nexus/3.76.1-01 (OSS; Linux; 6.8.0-52-generic; amd64; 17.0.14)" [qtp1058432370-916]
[05/Mar/2025:03:50:51 +0000] - "GET https://clm.sonatype.com/user-telemetry/v1/rte/api/v1/feature/client?p=AP-YFGMCGUNNIFB-2&sv=0.53.0&v=AP-YFGMCGUNNIFB-2-1741139629861-71374391&ai=6b933aba-006b-4c12-b4b5-a0ddc2adfcf4&vt=2&s=AP-YFGMCGUNNIFB-2-1741139629860-17861316&wsv=0.53.0&cb=1741146650959-3629 HTTP/1.1" 200 40845 370 "Nexus/3.76.1-01 (OSS; Linux; 6.8.0-52-generic; amd64; 17.0.14)" [qtp1058432370-897]
[05/Mar/2025:05:23:48 +0000] - "GET https://registry.npmjs.org/color-convert HTTP/1.1" 200 -1 373 "Nexus/3.76.1-01 (OSS; Linux; 6.8.0-52-generic; amd64; 17.0.14)" [qtp1058432370-1011]
[05/Mar/2025:05:23:48 +0000] - "GET https://registry.npmjs.org/color-name HTTP/1.1" 200 -1 394 "Nexus/3.76.1-01 (OSS; Linux; 6.8.0-52-generic; amd64; 17.0.14)" [qtp1058432370-1022]
[05/Mar/2025:05:23:49 +0000] - "GET https://registry.npmjs.org/color-convert/-/color-convert-1.9.3.tgz HTTP/1.1" 200 8882 219 "Nexus/3.76.1-01 (OSS; Linux; 6.8.0-52-generic; amd64; 17.0.14)" [qtp1058432370-1011]
[05/Mar/2025:05:23:49 +0000] - "GET https://registry.npmjs.org/color-name/-/color-name-1.1.3.tgz HTTP/1.1" 200 4071 220 "Nexus/3.76.1-01 (OSS; Linux; 6.8.0-52-generic; amd64; 17.0.14)" [qtp1058432370-1022]
[05/Mar/2025:23:10:20 +0000] - "GET https://rhc.sonatype.com/rest/rhc/scan/4f0fdef4-f5df582f-9711b989-ad308704-70c1e777/npm-proxy?timestamp=2025-03-05_23%3A10%3A19 HTTP/1.1" 200 62 1632 "Nexus/3.76.1-01 (OSS; Linux; 6.8.0-52-generic; amd64; 17.0.14)" [quartz-9-thread-6]
[05/Mar/2025:23:10:24 +0000] - "PUT https://rhc.sonatype.com/rest/rhc/scan/4f0fdef4-f5df582f-9711b989-ad308704-70c1e777/npm-proxy?timestamp=2025-03-05_23%3A10%3A22 HTTP/1.1" 200 92 1185 "Nexus/3.76.1-01 (OSS; Linux; 6.8.0-52-generic; amd64; 17.0.14)" [quartz-9-thread-6]
[05/Mar/2025:23:10:24 +0000] - "GET https://rhc.sonatype.com/rest/rhc/scan/4f0fdef4-f5df582f-9711b989-ad308704-70c1e777/proxy-go?timestamp=2025-03-05_23%3A10%3A24 HTTP/1.1" 200 62 590 "Nexus/3.76.1-01 (OSS; Linux; 6.8.0-52-generic; amd64; 17.0.14)" [quartz-9-thread-7]
[05/Mar/2025:23:10:26 +0000] - "PUT https://rhc.sonatype.com/rest/rhc/scan/4f0fdef4-f5df582f-9711b989-ad308704-70c1e777/proxy-go?timestamp=2025-03-05_23%3A10%3A24 HTTP/1.1" 200 92 1384 "Nexus/3.76.1-01 (OSS; Linux; 6.8.0-52-generic; amd64; 17.0.14)" [quartz-9-thread-7]
[05/Mar/2025:23:10:35 +0000] - "GET https://rhc.sonatype.com/rest/rhc/scan/4f0fdef4-f5df582f-9711b989-ad308704-70c1e777/npm-proxy?timestamp=2025-03-05_23%3A10%3A34 HTTP/1.1" 200 62 1143 "Nexus/3.76.1-01 (OSS; Linux; 6.8.0-52-generic; amd64; 17.0.14)" [quartz-9-thread-8]
[05/Mar/2025:23:10:35 +0000] - "GET https://rhc.sonatype.com/rest/rhc/report/4f0fdef4-f5df582f-9711b989-ad308704-70c1e777/npm-proxy?timestamp=2025-03-05_23%3A10%3A35 HTTP/1.1" 200 -1 731 "Nexus/3.76.1-01 (OSS; Linux; 6.8.0-52-generic; amd64; 17.0.14)" [quartz-9-thread-8]
[05/Mar/2025:23:10:37 +0000] - "GET https://rhc.sonatype.com/rest/rhc/scan/4f0fdef4-f5df582f-9711b989-ad308704-70c1e777/proxy-go?timestamp=2025-03-05_23%3A10%3A36 HTTP/1.1" 200 62 869 "Nexus/3.76.1-01 (OSS; Linux; 6.8.0-52-generic; amd64; 17.0.14)" [quartz-9-thread-9]
[05/Mar/2025:23:10:38 +0000] - "GET https://rhc.sonatype.com/rest/rhc/report/4f0fdef4-f5df582f-9711b989-ad308704-70c1e777/proxy-go?timestamp=2025-03-05_23%3A10%3A37 HTTP/1.1" 200 -1 782 "Nexus/3.76.1-01 (OSS; Linux; 6.8.0-52-generic; amd64; 17.0.14)" [quartz-9-thread-9]
[05/Mar/2025:23:10:44 +0000] - "GET https://rhc.sonatype.com/rest/component/details/firewall/malicious-risk/enabledRegistries HTTP/1.1" 200 -1 233 "Nexus/3.76.1-01 (OSS; Linux; 6.8.0-52-generic; amd64; 17.0.14)" [quartz-9-thread-10]
